02/06/2024-01:15:38: Execucao iniciada.
02/06/2024-01:15:39: 	Driver Selenium inicializado
02/06/2024-01:15:45: 	Login efetuado com sucesso.
02/06/2024-01:15:45: 	Nomes a buscar importados com sucesso.
02/06/2024-01:15:45: VARREDURA INICIADA.
02/06/2024-01:15:45: 0% - Procurando por Nicolas Henrique Dias Xavier:
02/06/2024-01:15:49: 	Variações de nome público: Nicolas Henrique Dias Xavier, Nicolas Henrique Dias, Nicolas Henrique Xavier, Nicolas Xavier, Nicolas Dias, Nicolas Dias Xavier, Nicolas Henrique
02/06/2024-01:15:51: 	Pesquisando por Nicolas Henrique Dias Xavier UFMG linkedin
02/06/2024-01:15:51: 	Resultados: https://br.linkedin.com/in/nicolashdx, https://br.linkedin.com/in/gabriel-henrique-l-p-dias-356940198, https://br.linkedin.com/in/nicolas-henrique-dionisio-a47424151, https://br.linkedin.com/in/henrique-nicolas-dos-santos-pereira-606050148, https://br.linkedin.com/in/henrique-joaquim-nápolis-dias-64abb62b3
02/06/2024-01:15:51: 		Perfil encontrado: nicolashdx
02/06/2024-01:16:01: 		O perfil passou na validacao.
02/06/2024-01:16:01: Nicolas Henrique Dias Xavier ENCONTRADO.
02/06/2024-01:16:01: 5% - Procurando por Liz Pinheiro Lima Nogueira:
02/06/2024-01:16:04: 	Variações de nome público: Liz Pinheiro Lima Nogueira, Liz Pinheiro Lima, Liz Pinheiro Nogueira, Liz Lima Nogueira, Liz Pinheiro, Liz Lima, Liz Nogueira
02/06/2024-01:16:05: 	Pesquisando por Liz Pinheiro Lima Nogueira UFMG linkedin
02/06/2024-01:16:05: 	Resultados: https://www.linkedin.com/pub/dir/Liz/Pinheiro, https://br.linkedin.com/pub/dir/Liz/Pinheiro/br-0-Brasil, https://www.linkedin.com/pub/dir/liza/pinheiro, https://br.linkedin.com/pub/dir/Liz/Nogueira/br-0-Brazil, https://pt.linkedin.com/in/lima-nogueira-199097ab
02/06/2024-01:16:05: 		Perfil nao encontrado.
02/06/2024-01:16:06: 	Pesquisando por Liz Pinheiro Lima UFMG linkedin
02/06/2024-01:16:06: 	Resultados: https://www.linkedin.com/pub/dir/Liz/Pineiro/, https://www.linkedin.com/pub/dir/Liz/Pinheiro, https://www.linkedin.com/pub/dir/liza/pinheiro, https://br.linkedin.com/pub/dir/Liz/Pinheiro/br-0-Brasil, https://br.linkedin.com/in/liz-pinheiro-896677a1
02/06/2024-01:16:06: 		Perfil encontrado: liz-pinheiro-896677a1
02/06/2024-01:16:16: 		O perfil nao passou na validacao.
02/06/2024-01:16:17: 	Pesquisando por Liz Pinheiro Nogueira UFMG linkedin
02/06/2024-01:16:17: 	Resultados: https://www.linkedin.com/pub/dir/Liz+/Pinheiro/br-0-Brasil, https://br.linkedin.com/in/liz-nogueira-8180a6a7, https://br.linkedin.com/pub/dir/Liz/Pinheiro/br-0-Brasil, https://br.linkedin.com/pub/dir/Liz/Nogueira/br-0-Brazil, https://www.linkedin.com/pub/dir/liza/pinheiro
02/06/2024-01:16:17: 		Perfil encontrado: liz-nogueira-8180a6a7
02/06/2024-01:16:27: 		O perfil nao passou na validacao.
02/06/2024-01:16:28: 	Pesquisando por Liz Lima Nogueira UFMG linkedin
02/06/2024-01:16:28: 	Resultados: https://www.linkedin.com/pub/dir/Liz/Nogueira/us-0-United-States, https://www.linkedin.com/pub/dir/liz/nogueira, https://www.linkedin.com/pub/dir/Liz/D.A, https://www.linkedin.com/pub/dir/maria+celia+nogueira/nogueira, https://br.linkedin.com/in/liz-nogueira-a27462264
02/06/2024-01:16:28: 		Perfil encontrado: liz-nogueira-a27462264
02/06/2024-01:16:37: 		O perfil passou na validacao.
02/06/2024-01:16:37: Liz Pinheiro Lima Nogueira ENCONTRADO.
02/06/2024-01:16:37: 9% - Procurando por Carlos Ermidio Ferreira Caetano:
02/06/2024-01:16:41: 	Variações de nome público: Carlos Ermidio Ferreira Caetano, Carlos Ermidio Ferreira, Carlos Ermidio Caetano, Carlos Ferreira, Carlos Ferreira Caetano, Carlos Caetano
02/06/2024-01:16:42: 	Pesquisando por Carlos Ermidio Ferreira Caetano UFMG linkedin
02/06/2024-01:16:42: 	Resultados: https://somos.ufmg.br/professor/carlos-ermidio-ferreira-caetano, https://br.linkedin.com/in/carlos-ermídio-f-caetano-63483b13a, https://ufmg.br/a-universidade/pessoas/336173, https://www.escavador.com/sobre/197419592/carlos-ermidio-ferreira-caetano, https://dee.ufmg.br/team-details/carlos-ermidio-ferreira-caetano/
02/06/2024-01:16:42: 		Perfil encontrado: carlos-ermídio-f-caetano-63483b13a
02/06/2024-01:16:46: 		Score: 0.8214285714285714
02/06/2024-01:16:52: 		O perfil passou na validacao.
02/06/2024-01:16:52: Carlos Ermidio Ferreira Caetano ENCONTRADO.
02/06/2024-01:16:52: 14% - Procurando por Frederico Ferreira Viana Matos:
02/06/2024-01:16:55: 	Variações de nome público: Frederico Ferreira Viana Matos, Frederico Ferreira Viana, Frederico Ferreira Matos, Frederico Matos, Frederico Viana, Frederico Ferreira, Frederico Viana Matos
02/06/2024-01:16:56: 	Pesquisando por Frederico Ferreira Viana Matos UFMG linkedin
02/06/2024-01:16:56: 	Resultados: https://www.researchgate.net/profile/Frederico-Matos, https://www.escavador.com/sobre/6912838/frederico-ferreira-viana-matos, https://at.linkedin.com/in/frederico-matos-38179669, https://delt.eng.ufmg.br/pesquisa-e-extensao/, https://ww2.ppgee.ufmg.br/corpodoc.php
02/06/2024-01:16:56: 		Perfil nao encontrado.
02/06/2024-01:16:57: 	Pesquisando por Frederico Ferreira Viana UFMG linkedin
02/06/2024-01:16:57: 	Resultados: https://br.linkedin.com/in/frederico-leocádio-ferreira-446210168, https://br.linkedin.com/in/fredericovianasilverio, https://www.escavador.com/sobre/6912838/frederico-ferreira-viana-matos, https://br.linkedin.com/pub/dir/Frederico+/Viana/br-0-Brasil, https://www.linkedin.com/pub/dir/Frederico+/Viana/br-0-Brasil
02/06/2024-01:16:57: 		Perfil encontrado: frederico-leocádio-ferreira-446210168
02/06/2024-01:17:01: 		Score: 0.631578947368421
02/06/2024-01:17:01: 		O perfil nao passou na validacao.
02/06/2024-01:17:02: 	Pesquisando por Frederico Ferreira Matos UFMG linkedin
02/06/2024-01:17:02: 	Resultados: https://www.linkedin.com/posts/frederico-matos-ferreira_im-thrilled-to-announce-that-this-month-activity-7089514477682839552-vH0u, https://www.linkedin.com/posts/frederico-matos-ferreira_ag5-skills-management-software-just-unwrapped-activity-7140721999324020736-RQ4E, https://www.linkedin.com/posts/frederico-matos-ferreira_team-experience-data-activity-7074346013578117121-Ocft, https://www.linkedin.com/posts/frederico-matos-ferreira_our-first-project-of-the-year-is-live-activity-7186611963815239681-c1Cj, https://www.linkedin.com/posts/frederico-matos-ferreira_technology-gaming-gamingindustry-activity-7082289510884990976-JA8L
02/06/2024-01:17:02: 		Perfil nao encontrado.
02/06/2024-01:17:03: 	Pesquisando por Frederico Matos UFMG linkedin
02/06/2024-01:17:03: 	Resultados: https://at.linkedin.com/in/frederico-matos-38179669, https://at.linkedin.com/in/frederico-matos-38179669/en, https://www.linkedin.com/posts/frederico-matos-38179669_im-happy-to-share-that-since-last-december-activity-7032404031721418752-tMDU, https://www.researchgate.net/profile/Frederico-Matos, https://www.linkedin.com/pub/dir/Frederico /Matos
02/06/2024-01:17:03: 		Perfil nao encontrado.
02/06/2024-01:17:04: 	Pesquisando por Frederico Viana UFMG linkedin
02/06/2024-01:17:04: 	Resultados: https://br.linkedin.com/in/fredericovianasilverio, https://br.linkedin.com/in/fredericovianasilverio/en, https://br.linkedin.com/in/frederico-viana-santos-97041a146, https://pt.linkedin.com/in/fredericovianabr, https://pt.linkedin.com/in/frederico-viana-2068055
02/06/2024-01:17:04: 		Perfil encontrado: fredericovianasilverio
02/06/2024-01:17:08: 		Score: 0.6296296296296297
02/06/2024-01:17:08: 		O perfil nao passou na validacao.
02/06/2024-01:17:09: 	Pesquisando por Frederico Ferreira UFMG linkedin
02/06/2024-01:17:09: 	Resultados: https://br.linkedin.com/in/frederico-leocádio-ferreira-446210168, https://br.linkedin.com/in/frederico-poley-martins-ferreira-b9534555, https://br.linkedin.com/in/frederico-ferreira-4240a9126, https://br.linkedin.com/in/fredleocadio, https://somos.ufmg.br/professor/frederico-gualberto-ferreira-coelho
02/06/2024-01:17:09: 		Perfil já descartado.
02/06/2024-01:17:10: 	Pesquisando por Frederico Viana Matos UFMG linkedin
02/06/2024-01:17:10: 	Resultados: https://at.linkedin.com/in/frederico-matos-38179669, https://at.linkedin.com/in/frederico-matos-38179669/en, https://www.researchgate.net/profile/Frederico-Matos, https://www.linkedin.com/pub/dir/Frederico /Viana, https://br.linkedin.com/in/fredericovianasilverio
02/06/2024-01:17:10: 		Perfil já descartado.
02/06/2024-01:17:10: * Frederico Ferreira Viana Matos NAO ENCONTRADO.
02/06/2024-01:17:10: 18% - Procurando por Ricardo Luiz da Silva Adriano:
02/06/2024-01:17:12: 	Variações de nome público: Ricardo Luiz da Silva Adriano, Ricardo da Silva Adriano, Ricardo Luiz Adriano, Ricardo Luiz, Ricardo da Silva, Ricardo Adriano
02/06/2024-01:17:14: 	Pesquisando por Ricardo Luiz da Silva Adriano UFMG linkedin
02/06/2024-01:17:14: 	Resultados: https://somos.ufmg.br/professor/ricardo-luiz-da-silva-adriano, https://pges.eng.ufmg.br/team-details/ricardo-luiz-da-silva-adriano/, https://www.escavador.com/sobre/6624455/ricardo-luiz-da-silva-adriano, https://www.ppgee.ufmg.br/diss_defesas_detalhes.php?aluno=2062, https://www.researchgate.net/profile/Ricardo-Adriano
02/06/2024-01:17:14: 		Perfil nao encontrado.
02/06/2024-01:17:15: 	Pesquisando por Ricardo da Silva Adriano UFMG linkedin
02/06/2024-01:17:15: 	Resultados: https://somos.ufmg.br/professor/ricardo-luiz-da-silva-adriano, https://www.linkedin.com/pub/dir/Adriano+Ricardo/Da+Silva/br-0-Brasil, https://www.linkedin.com/pub/dir/Ricardo Adriano/Silva, https://br.linkedin.com/pub/dir/Adriano+Ricardo/Silva/br-0-Brazil, https://pges.eng.ufmg.br/team-details/ricardo-luiz-da-silva-adriano/
02/06/2024-01:17:15: 		Perfil nao encontrado.
02/06/2024-01:17:16: 	Pesquisando por Ricardo Luiz Adriano UFMG linkedin
02/06/2024-01:17:16: 	Resultados: https://somos.ufmg.br/professor/ricardo-luiz-da-silva-adriano, https://www.researchgate.net/profile/Ricardo-Adriano, https://pges.eng.ufmg.br/team-details/ricardo-luiz-da-silva-adriano/, https://br.linkedin.com/in/ricardo-adriano-7a6ab8156, https://br.linkedin.com/in/ricardoadf
02/06/2024-01:17:16: 		Perfil encontrado: ricardo-adriano-7a6ab8156
02/06/2024-01:17:25: 		O perfil passou na validacao.
02/06/2024-01:17:25: Ricardo Luiz da Silva Adriano ENCONTRADO.
02/06/2024-01:17:25: 23% - Procurando por André Paim Lemos:
02/06/2024-01:17:28: 	Variações de nome público: André Paim Lemos, André Paim, André Lemos
02/06/2024-01:17:29: 	Pesquisando por André Paim Lemos UFMG linkedin
02/06/2024-01:17:29: 	Resultados: https://br.linkedin.com/in/andrepaimlemos, https://www.linkedin.com/feed/update/urn:li:activity:7119690019220447232/, https://delt.eng.ufmg.br/equipe-docente/, https://www.linkedin.com/posts/andrepaimlemos_loggers-vempraloggi-activity-6476077306245836800-3eYB, https://www.linkedin.com/pub/dir/Andre/Paim+Lemos
02/06/2024-01:17:29: 		Perfil encontrado: andrepaimlemos
02/06/2024-01:17:33: 		Score: 0.9375
02/06/2024-01:17:39: 		O perfil passou na validacao.
02/06/2024-01:17:39: André Paim Lemos ENCONTRADO.
02/06/2024-01:17:39: 27% - Procurando por Alessandro Fernandes Moreira:
02/06/2024-01:17:41: 	Variações de nome público: Alessandro Fernandes Moreira, Alessandro Fernandes, Alessandro Moreira
02/06/2024-01:17:42: 	Pesquisando por Alessandro Fernandes Moreira UFMG linkedin
02/06/2024-01:17:42: 	Resultados: https://somos.ufmg.br/professor/alessandro-fernandes-moreira, https://dee.ufmg.br/team-details/alessandro-fernandes-moreira/, https://br.linkedin.com/in/alessandro-moreira-37b0bbaa, https://ufmg.br/a-universidade/gestao/dirigentes, https://ufmg.br/a-universidade/pessoas/025550
02/06/2024-01:17:42: 		Perfil encontrado: alessandro-moreira-37b0bbaa
02/06/2024-01:17:52: 		O perfil passou na validacao.
02/06/2024-01:17:52: Alessandro Fernandes Moreira ENCONTRADO.
02/06/2024-01:17:52: 32% - Procurando por Braz de Jesus Cardoso Filho:
02/06/2024-01:17:55: 	Variações de nome público: Braz de Jesus Cardoso Filho, Braz Cardoso Filho, Braz de Jesus Filho, Braz de Jesus Cardoso, Braz Cardoso, Braz Filho, Braz de Jesus
02/06/2024-01:17:56: 	Pesquisando por Braz de Jesus Cardoso Filho UFMG linkedin
02/06/2024-01:17:56: 	Resultados: https://br.linkedin.com/in/braz-de-jesus-cardoso-filho-02b3a9a2, https://somos.ufmg.br/professor/braz-de-jesus-cardoso-filho, https://www.researchgate.net/profile/Braz-Cardoso-Filho, https://scholar.google.com/citations?user=lHu-XtUAAAAJ, https://ufmg.br/a-universidade/pessoas/060569
02/06/2024-01:17:56: 		Perfil encontrado: braz-de-jesus-cardoso-filho-02b3a9a2
02/06/2024-01:18:06: 		O perfil passou na validacao.
02/06/2024-01:18:06: Braz de Jesus Cardoso Filho ENCONTRADO.
02/06/2024-01:18:06: 36% - Procurando por Marcos Antônio Severo Mendes:
02/06/2024-01:18:09: 	Variações de nome público: Marcos Antônio Severo Mendes, Marcos Severo Mendes, Marcos Antônio Mendes, Marcos Antônio Severo, Marcos Severo, Marcos Antônio, Marcos Mendes
02/06/2024-01:18:10: 	Pesquisando por Marcos Antônio Severo Mendes UFMG linkedin
02/06/2024-01:18:10: 	Resultados: https://somos.ufmg.br/professor/marcos-antonio-severo-mendes, https://www.researchgate.net/profile/Marcos-Mendes-2, https://www.researchgate.net/profile/Marcos-Severo-Mendes, https://www.escavador.com/sobre/2083075/marcos-antonio-severo-mendes, https://www.ppgee.ufmg.br/diss_defesas_detalhesi.php?aluno=1273
02/06/2024-01:18:10: 		Perfil nao encontrado.
02/06/2024-01:18:11: 	Pesquisando por Marcos Severo Mendes UFMG linkedin
02/06/2024-01:18:11: 	Resultados: https://somos.ufmg.br/professor/marcos-antonio-severo-mendes, https://www.researchgate.net/profile/Marcos-Severo-Mendes, https://www.researchgate.net/profile/Marcos-Mendes-2, https://ufmg.br/a-universidade/pessoas/14777X, https://pt.linkedin.com/posts/misevero_marketing-research-activity-7150212475995553794-8qAe
02/06/2024-01:18:11: 		Perfil nao encontrado.
02/06/2024-01:18:12: 	Pesquisando por Marcos Antônio Mendes UFMG linkedin
02/06/2024-01:18:12: 	Resultados: https://somos.ufmg.br/professor/marcos-antonio-severo-mendes, https://br.linkedin.com/in/marcoantoniomendes, https://www.linkedin.com/pub/dir/Marcos+Antonio/Mendes, https://ufmg.br/a-universidade/pessoas/14777X, https://br.linkedin.com/in/marcos-antônio-de-camargos-3656162a
02/06/2024-01:18:12: 		Perfil encontrado: marcoantoniomendes
02/06/2024-01:18:15: 		O perfil nao passou na validacao.
02/06/2024-01:18:17: 	Pesquisando por Marcos Antônio Severo UFMG linkedin
02/06/2024-01:18:17: 	Resultados: https://br.linkedin.com/in/marcos-antônio-1526a12a, https://somos.ufmg.br/professor/marcos-antonio-severo-mendes, https://ufmg.br/a-universidade/pessoas/14777X, https://www.linkedin.com/pub/dir/marcos/marques+da+silva/br-0-Brasil, https://www.researchgate.net/profile/Marcos-Severo-Mendes
02/06/2024-01:18:17: 		Perfil encontrado: marcos-antônio-1526a12a
02/06/2024-01:18:20: 		O perfil nao passou na validacao.
02/06/2024-01:18:21: 	Pesquisando por Marcos Severo UFMG linkedin
02/06/2024-01:18:21: 	Resultados: https://br.linkedin.com/in/misevero, https://br.linkedin.com/in/mvmsev, https://www.researchgate.net/profile/Marcos-Severo-Mendes, https://pt.linkedin.com/posts/misevero_marketing-research-analytics-activity-7163892548606935040-hblA, https://somos.ufmg.br/professor/marcos-antonio-severo-mendes
02/06/2024-01:18:21: 		Perfil encontrado: misevero
02/06/2024-01:18:30: 		O perfil nao passou na validacao.
02/06/2024-01:18:32: 	Pesquisando por Marcos Antônio UFMG linkedin
02/06/2024-01:18:32: 	Resultados: https://br.linkedin.com/in/marcos-antônio-1526a12a, https://br.linkedin.com/in/marcos-antônio-de-camargos-3656162a, https://www.linkedin.com/in/marco-antônio-ufmg-0612997a, https://somos.ufmg.br/professor/marcos-antonio-de-camargos, https://br.linkedin.com/in/marco-antonio-679b352a7
02/06/2024-01:18:32: 		Perfil já descartado.
02/06/2024-01:18:33: 	Pesquisando por Marcos Mendes UFMG linkedin
02/06/2024-01:18:33: 	Resultados: https://br.linkedin.com/in/marcomendes/en, https://br.linkedin.com/in/marcomendes, https://www.researchgate.net/profile/Marcos-Mendes-2, https://br.linkedin.com/in/marcos-vinícius-de-campos-meneses-b298b526a, https://somos.ufmg.br/professor/marcos-antonio-severo-mendes
02/06/2024-01:18:33: 		Perfil encontrado: marcomendes/en
02/06/2024-01:18:36: 		Score: 0.0
02/06/2024-01:18:36: 		O perfil nao passou na validacao.
02/06/2024-01:18:36: * Marcos Antônio Severo Mendes NAO ENCONTRADO.
02/06/2024-01:18:36: 41% - Procurando por Adriano Vilela Barbosa:
02/06/2024-01:18:38: 	Variações de nome público: Adriano Vilela Barbosa, Adriano Vilela, Adriano Barbosa
02/06/2024-01:18:39: 	Pesquisando por Adriano Vilela Barbosa UFMG linkedin
02/06/2024-01:18:39: 	Resultados: https://somos.ufmg.br/professor/adriano-vilela-barbosa, https://scholar.google.co.il/citations?user=S-O0ugsAAAAJ&hl=en, https://www.researchgate.net/profile/Adriano-Barbosa-7, https://delt.eng.ufmg.br/equipe-docente/, https://ufmg.br/a-universidade/pessoas/251860
02/06/2024-01:18:39: 		Perfil nao encontrado.
02/06/2024-01:18:41: 	Pesquisando por Adriano Vilela UFMG linkedin
02/06/2024-01:18:41: 	Resultados: https://scholar.google.co.il/citations?user=S-O0ugsAAAAJ&hl=en, https://somos.ufmg.br/professor/adriano-vilela-barbosa, https://ufmg.br/a-universidade/pessoas/251860, https://br.linkedin.com/in/adriano-vilela-3b989567, https://br.linkedin.com/in/adriano-vilela-84bb43225
02/06/2024-01:18:41: 		Perfil encontrado: adriano-vilela-3b989567
02/06/2024-01:18:50: 		O perfil nao passou na validacao.
02/06/2024-01:18:51: 	Pesquisando por Adriano Barbosa UFMG linkedin
02/06/2024-01:18:51: 	Resultados: https://www.linkedin.com/posts/dr-adriano-barbosa-phd_spintec-covid-vacina-activity-7006528697742540800-gLMO, https://ufmg.br/a-universidade/pessoas/251860, https://www.researchgate.net/profile/Adriano-Barbosa-7, https://somos.ufmg.br/professor/adriano-vilela-barbosa, https://www.adriano-barbosa.eu/
02/06/2024-01:18:51: 		Perfil nao encontrado.
02/06/2024-01:18:51: * Adriano Vilela Barbosa NAO ENCONTRADO.
02/06/2024-01:18:51: 45% - Procurando por Luciano de Errico:
02/06/2024-01:18:54: 	Variações de nome público: Luciano de Errico
02/06/2024-01:18:55: 	Pesquisando por Luciano de Errico UFMG linkedin
02/06/2024-01:18:55: 	Resultados: https://www.researchgate.net/profile/Luciano-Errico, https://somos.ufmg.br/professor/luciano-de-errico, https://ufmg.br/a-universidade/pessoas/142239, https://somos.ufmg.br/departamento/Departamento-de-Engenharia-Eletronica, https://elo.fco.org.br/index.php?page=6&pesquisador=53
02/06/2024-01:18:55: 		Perfil nao encontrado.
02/06/2024-01:18:55: * Luciano de Errico NAO ENCONTRADO.
02/06/2024-01:18:55: 50% - Procurando por Antônio de Pádua Braga:
02/06/2024-01:18:58: 	Variações de nome público: Antônio de Pádua Braga, Antônio de Pádua, Antônio Braga
02/06/2024-01:19:00: 	Pesquisando por Antônio de Pádua Braga UFMG linkedin
02/06/2024-01:19:00: 	Resultados: https://br.linkedin.com/in/apbraga, http://www.cpdee.ufmg.br/~apbraga/, https://scholar.google.com/citations?user=twRpocQAAAAJ, https://somos.ufmg.br/professor/antonio-de-padua-braga, https://www.researchgate.net/profile/Antonio-Braga-9
02/06/2024-01:19:00: 		Perfil encontrado: apbraga
02/06/2024-01:19:03: 		Score: 0.9545454545454546
02/06/2024-01:19:09: 		O perfil passou na validacao.
02/06/2024-01:19:09: Antônio de Pádua Braga ENCONTRADO.
02/06/2024-01:19:09: 55% - Procurando por Lenin Martins Ferreira Morais:
02/06/2024-01:19:12: 	Variações de nome público: Lenin Martins Ferreira Morais, Lenin Martins Ferreira, Lenin Martins Morais, Lenin Ferreira Morais, Lenin Martins, Lenin Ferreira, Lenin Morais
02/06/2024-01:19:13: 	Pesquisando por Lenin Martins Ferreira Morais UFMG linkedin
02/06/2024-01:19:13: 	Resultados: https://br.linkedin.com/in/lenin-martins-ferreira-morais-77ba0aa3, https://www.linkedin.com/posts/lenin-martins-ferreira-morais-77ba0aa3_gep-grupo-de-eletrônica-de-potênciaufmg-activity-7135163111770103808-HOnn, https://www.linkedin.com/posts/lenin-martins-ferreira-morais-77ba0aa3_mestrado-em-engenharia-elétrica-oferece-80-activity-6841808409478664192-Y6z7, https://www.linkedin.com/posts/lenin-martins-ferreira-morais-77ba0aa3_é-sempre-muito-especial-receber-o-reconhecimento-activity-7114008053372362752-mpV5, https://www.linkedin.com/posts/lenin-martins-ferreira-morais-77ba0aa3_join-conversation-activity-6993199345848193024-nBCz
02/06/2024-01:19:13: 		Perfil encontrado: lenin-martins-ferreira-morais-77ba0aa3
02/06/2024-01:19:22: 		O perfil passou na validacao.
02/06/2024-01:19:22: Lenin Martins Ferreira Morais ENCONTRADO.
02/06/2024-01:19:22: 59% - Procurando por Armando Alves Neto:
02/06/2024-01:19:25: 	Variações de nome público: Armando Alves Neto, Armando Neto, Armando Alves
02/06/2024-01:19:26: 	Pesquisando por Armando Alves Neto UFMG linkedin
02/06/2024-01:19:26: 	Resultados: https://br.linkedin.com/in/armando-alves-neto-0b355147, http://www.cpdee.ufmg.br/~aaneto/, https://www.linkedin.com/company/macroufmg, https://somos.ufmg.br/professor/armando-alves-neto, https://scholar.google.com/citations?user=ZU3dtd8AAAAJ
02/06/2024-01:19:26: 		Perfil encontrado: armando-alves-neto-0b355147
02/06/2024-01:19:36: 		O perfil passou na validacao.
02/06/2024-01:19:36: Armando Alves Neto ENCONTRADO.
02/06/2024-01:19:36: 64% - Procurando por Alberto Resende de Conti:
02/06/2024-01:19:39: 	Variações de nome público: Alberto Resende de Conti, Alberto Resende, Alberto de Conti
02/06/2024-01:19:40: 	Pesquisando por Alberto Resende de Conti UFMG linkedin
02/06/2024-01:19:40: 	Resultados: http://cms.ufmg.br/a-universidade/pessoas/222704, https://dee.ufmg.br/team-details/alberto-resende-de-conti/, https://somos.ufmg.br/professor/alberto-resende-de-conti, https://www.escavador.com/sobre/2028079/alberto-resende-de-conti, https://www.researchgate.net/profile/Alberto-Conti
02/06/2024-01:19:40: 		Perfil nao encontrado.
02/06/2024-01:19:41: 	Pesquisando por Alberto Resende UFMG linkedin
02/06/2024-01:19:41: 	Resultados: https://somos.ufmg.br/professor/alberto-resende-de-conti, https://dee.ufmg.br/team-details/alberto-resende-de-conti/, https://www.linkedin.com/pub/dir/alberto/resende, http://cms.ufmg.br/a-universidade/pessoas/222704, https://br.linkedin.com/in/albertorezendesilva
02/06/2024-01:19:41: 		Perfil encontrado: albertorezendesilva
02/06/2024-01:19:44: 		Score: 0.717948717948718
02/06/2024-01:19:44: 		O perfil nao passou na validacao.
02/06/2024-01:19:45: 	Pesquisando por Alberto de Conti UFMG linkedin
02/06/2024-01:19:45: 	Resultados: https://somos.ufmg.br/professor/alberto-resende-de-conti, https://dee.ufmg.br/team-details/alberto-resende-de-conti/, https://de.linkedin.com/in/alberto-conti-8a892462, https://www.researchgate.net/profile/Alberto-Conti, https://ieeexplore.ieee.org/author/37393017500
02/06/2024-01:19:45: 		Perfil nao encontrado.
02/06/2024-01:19:45: * Alberto Resende de Conti NAO ENCONTRADO.
02/06/2024-01:19:45: 68% - Procurando por Elson José da Silva:
02/06/2024-01:19:47: 	Variações de nome público: Elson José da Silva, Elson da Silva, Elson José
02/06/2024-01:19:49: 	Pesquisando por Elson José da Silva UFMG linkedin
02/06/2024-01:19:49: 	Resultados: https://www.linkedin.com/posts/elsonjosedasilva_httpunbouncepagescomidentidade-cidada-activity-7075283270535458816-dS4A, https://ufmg.br/a-universidade/pessoas/080411, https://br.linkedin.com/in/elson-silva-9818691a, https://somos.ufmg.br/professor/elson-jose-da-silva, https://www.researchgate.net/profile/Elson-Silva-6
02/06/2024-01:19:49: 		Perfil encontrado: elson-silva-9818691a
02/06/2024-01:19:52: 		Score: 0.6666666666666666
02/06/2024-01:19:52: 		O perfil nao passou na validacao.
02/06/2024-01:19:53: 	Pesquisando por Elson da Silva UFMG linkedin
02/06/2024-01:19:53: 	Resultados: https://br.linkedin.com/in/elson-silva-9818691a, https://ufmg.br/a-universidade/pessoas/080411, https://br.linkedin.com/in/elson-silva-a3b3741b6, https://br.linkedin.com/in/elson-da-silva-capinam-90b8602a6, https://www.researchgate.net/profile/Elson-Silva-6
02/06/2024-01:19:53: 		Perfil já descartado.
02/06/2024-01:19:54: 	Pesquisando por Elson José UFMG linkedin
02/06/2024-01:19:54: 	Resultados: https://www.linkedin.com/posts/elsonjosedasilva_activity-7061413735180963840-w31M, https://ufmg.br/a-universidade/pessoas/080411, https://br.linkedin.com/in/elson-silva-9818691a, https://somos.ufmg.br/professor/elson-jose-da-silva, https://www.linkedin.com/pub/dir/Elson /José 
02/06/2024-01:19:54: 		Perfil já descartado.
02/06/2024-01:19:54: * Elson José da Silva NAO ENCONTRADO.
02/06/2024-01:19:54: 73% - Procurando por Fernando Henrique Silveira:
02/06/2024-01:19:56: 	Variações de nome público: Fernando Henrique, Fernando Silveira, Fernando Henrique Silveira
02/06/2024-01:19:58: 	Pesquisando por Fernando Henrique UFMG linkedin
02/06/2024-01:19:58: 	Resultados: https://br.linkedin.com/in/fernandosilva-oliveira, https://www.linkedin.com/in/fernando-henrique-oliveira-10088b2b, https://somos.ufmg.br/professor/fernando-henrique-silveira, https://www.linkedin.com/in/fernando-oliveira-75246417, https://br.linkedin.com/in/fernandohmaia
02/06/2024-01:19:58: 		Perfil encontrado: fernandosilva-oliveira
02/06/2024-01:20:01: 		O perfil nao passou na validacao.
02/06/2024-01:20:03: 	Pesquisando por Fernando Silveira UFMG linkedin
02/06/2024-01:20:03: 	Resultados: https://br.linkedin.com/in/fernando-silveira-12457410, https://br.linkedin.com/in/fernando-silveira-755b3922, https://www.researchgate.net/profile/Fernando-Silveira-8, https://www.researchgate.net/profile/Fernando-Silveira-6, https://scholar.google.com.sg/citations?user=y3LN4hkAAAAJ&hl=en
02/06/2024-01:20:03: 		Perfil encontrado: fernando-silveira-12457410
02/06/2024-01:20:12: 		O perfil passou na validacao.
02/06/2024-01:20:12: Fernando Henrique Silveira ENCONTRADO.
02/06/2024-01:20:12: 77% - Procurando por Marco Aurélio de Souza Birchal:
02/06/2024-01:20:16: 	Variações de nome público: Marco Aurélio de Souza Birchal, Marco Aurélio de Souza, Marco Aurélio Birchal, Marco de Souza Birchal, Marco de Souza, Marco Birchal, Marco Aurélio
02/06/2024-01:20:17: 	Pesquisando por Marco Aurélio de Souza Birchal UFMG linkedin
02/06/2024-01:20:17: 	Resultados: https://ufmg.br/a-universidade/pessoas/247421, https://somos.ufmg.br/professor/marco-aurelio-de-souza-birchal, https://www.researchgate.net/profile/Marco-Aurelio-Birchal, https://www.escavador.com/sobre/2351958/marco-aurelio-de-souza-birchal, https://ufmg.br/comunicacao/noticias/exposicao-old-bits
02/06/2024-01:20:17: 		Perfil nao encontrado.
02/06/2024-01:20:18: 	Pesquisando por Marco Aurélio de Souza UFMG linkedin
02/06/2024-01:20:18: 	Resultados: https://somos.ufmg.br/professor/marco-aurelio-de-souza-birchal, https://br.linkedin.com/in/marco-aurelio-souza-38032b49/en, https://br.linkedin.com/in/marco-souza-educ, https://br.linkedin.com/in/marco-aurélio-rodrigues-de-souza-132574167, https://www.linkedin.com/pub/dir/Marco+Aurélio/Costa+de+Souza
02/06/2024-01:20:18: 		Perfil encontrado: marco-aurelio-souza-38032b49/en
02/06/2024-01:20:21: 		Score: 0.0
02/06/2024-01:20:21: 		O perfil nao passou na validacao.
02/06/2024-01:20:22: 	Pesquisando por Marco Aurélio Birchal UFMG linkedin
02/06/2024-01:20:22: 	Resultados: https://ufmg.br/a-universidade/pessoas/247421, https://somos.ufmg.br/professor/marco-aurelio-de-souza-birchal, https://www.researchgate.net/profile/Marco-Aurelio-Birchal, https://br.linkedin.com/in/marco-aurelio-birchal-54aa8460, https://www.escavador.com/sobre/2351958/marco-aurelio-de-souza-birchal
02/06/2024-01:20:22: 		Perfil encontrado: marco-aurelio-birchal-54aa8460
02/06/2024-01:20:26: 		Score: 0.7843137254901961
02/06/2024-01:20:26: 		O perfil nao passou na validacao.
02/06/2024-01:20:27: 	Pesquisando por Marco de Souza Birchal UFMG linkedin
02/06/2024-01:20:27: 	Resultados: https://somos.ufmg.br/professor/marco-aurelio-de-souza-birchal, https://ufmg.br/a-universidade/pessoas/247421, https://www.researchgate.net/profile/Marco-Aurelio-Birchal, https://www.escavador.com/sobre/2351958/marco-aurelio-de-souza-birchal, https://somos.pucminas.br/professor/marco-aurelio-de-souza-birchal
02/06/2024-01:20:27: 		Perfil nao encontrado.
02/06/2024-01:20:28: 	Pesquisando por Marco de Souza UFMG linkedin
02/06/2024-01:20:28: 	Resultados: https://ufmg.br/a-universidade/pessoas/147702, https://br.linkedin.com/in/marco-antonio-souza-jardim-b68b26b, https://www.linkedin.com/in/marco-de-sousa-7750357, https://www.linkedin.com/in/marco-souza-67505665, https://ca.linkedin.com/in/marco-antônio-sousa-alves-059a436a
02/06/2024-01:20:28: 		Perfil encontrado: marco-antonio-souza-jardim-b68b26b
02/06/2024-01:20:31: 		Score: 0.6071428571428571
02/06/2024-01:20:31: 		O perfil nao passou na validacao.
02/06/2024-01:20:32: 	Pesquisando por Marco Birchal UFMG linkedin
02/06/2024-01:20:32: 	Resultados: https://ufmg.br/a-universidade/pessoas/247421, https://www.researchgate.net/profile/Marco-Aurelio-Birchal, https://www.linkedin.com/company/birchal, https://ufmg.br/comunicacao/noticias/resgate-da-memoria-videogames-e-computadores-antigos-sao-expostos-na-biblioteca-publica, https://www.linkedin.com/posts/birchal_we-are-thrilled-to-share-that-our-ceo-matt-activity-7175624533117186050-ijW4
02/06/2024-01:20:32: 		Perfil nao encontrado.
02/06/2024-01:20:34: 	Pesquisando por Marco Aurélio UFMG linkedin
02/06/2024-01:20:34: 	Resultados: https://br.linkedin.com/in/marco-aurélio-amarante-ribeiro-78baba188, https://br.linkedin.com/in/marco-aurelio-ufmg-4a498721, https://www.linkedin.com/pub/dir/Marco/Ufmg, https://www.linkedin.com/posts/marco-aurélio-amarante-ribeiro-78baba188_ufmg-divulga-concurso-público-para-docentes-activity-6975419164958052352-Hwtb, https://br.linkedin.com/in/marco-aurelio-18b219241
02/06/2024-01:20:34: 		Perfil encontrado: marco-aurélio-amarante-ribeiro-78baba188
02/06/2024-01:20:37: 		Score: 0.6
02/06/2024-01:20:37: 		O perfil nao passou na validacao.
02/06/2024-01:20:37: * Marco Aurélio de Souza Birchal NAO ENCONTRADO.
02/06/2024-01:20:37: 82% - Procurando por Igor Amariz Pires:
02/06/2024-01:20:39: 	Variações de nome público: Igor Amariz Pires, Igor Amariz, Igor Pires
02/06/2024-01:20:40: 	Pesquisando por Igor Amariz Pires UFMG linkedin
02/06/2024-01:20:40: 	Resultados: https://somos.ufmg.br/professor/igor-amariz-pires, http://www.cpdee.ufmg.br/~renovaveis/index.php/corpo-docente.html, https://www.researchgate.net/profile/Igor-Pires, https://br.linkedin.com/in/igor-pires-93b92660, https://www.linkedin.com/posts/igor-pires-93b92660_unidade-embrapii-ufmg-powertrain-activity-6836373071037812737-_wfN
02/06/2024-01:20:40: 		Perfil encontrado: igor-pires-93b92660
02/06/2024-01:20:50: 		O perfil passou na validacao.
02/06/2024-01:20:50: Igor Amariz Pires ENCONTRADO.
02/06/2024-01:20:50: 86% - Procurando por Luciano Cunha de Araújo Pimenta:
02/06/2024-01:20:53: 	Variações de nome público: Luciano Cunha de Araújo Pimenta, Luciano Cunha de Araújo, Luciano Cunha Pimenta, Luciano de Araújo Pimenta, Luciano Cunha, Luciano de Araújo, Luciano Pimenta
02/06/2024-01:20:54: 	Pesquisando por Luciano Cunha de Araújo Pimenta UFMG linkedin
02/06/2024-01:20:54: 	Resultados: https://www.linkedin.com/company/macroufmg, https://somos.ufmg.br/professor/luciano-cunha-de-araujo-pimenta, https://ufmg.br/a-universidade/pessoas/216364, https://ciia-saude.dcc.ufmg.br/pesquisador/luciano-cunha-de-araujo-pimenta/, https://www.linkedin.com/posts/macroufmg_macro-ufmg-iros2023-activity-7123037054191423488-PtIt
02/06/2024-01:20:54: 		Perfil nao encontrado.
02/06/2024-01:20:56: 	Pesquisando por Luciano Cunha de Araújo UFMG linkedin
02/06/2024-01:20:56: 	Resultados: https://www.linkedin.com/company/macroufmg, https://ufmg.br/a-universidade/pessoas/216364, https://somos.ufmg.br/professor/luciano-cunha-de-araujo-pimenta, https://ciia-saude.dcc.ufmg.br/pesquisador/luciano-cunha-de-araujo-pimenta/, https://br.linkedin.com/in/lucianoecunha
02/06/2024-01:20:56: 		Perfil encontrado: lucianoecunha
02/06/2024-01:21:05: 		O perfil nao passou na validacao.
02/06/2024-01:21:06: 	Pesquisando por Luciano Cunha Pimenta UFMG linkedin
02/06/2024-01:21:06: 	Resultados: https://www.linkedin.com/company/macroufmg, https://somos.ufmg.br/professor/luciano-cunha-de-araujo-pimenta, https://scholar.google.com/citations?user=jF9S_gMAAAAJ, https://ufmg.br/a-universidade/pessoas/216364, https://ieeexplore.ieee.org/author/37297110600
02/06/2024-01:21:06: 		Perfil nao encontrado.
02/06/2024-01:21:08: 	Pesquisando por Luciano de Araújo Pimenta UFMG linkedin
02/06/2024-01:21:08: 	Resultados: https://www.linkedin.com/company/macroufmg, https://somos.ufmg.br/professor/luciano-cunha-de-araujo-pimenta, https://scholar.google.com/citations?user=jF9S_gMAAAAJ, https://www.linkedin.com/posts/macroufmg_macro-ufmg-iros2023-activity-7123037054191423488-PtIt, https://ufmg.br/a-universidade/pessoas/216364
02/06/2024-01:21:08: 		Perfil nao encontrado.
02/06/2024-01:21:09: 	Pesquisando por Luciano Cunha UFMG linkedin
02/06/2024-01:21:09: 	Resultados: https://www.linkedin.com/company/macroufmg, https://somos.ufmg.br/professor/luciano-cunha-de-araujo-pimenta, https://br.linkedin.com/in/luciano-s-l-cunha-11314934, https://ciia-saude.dcc.ufmg.br/pesquisador/luciano-cunha-de-araujo-pimenta/, https://www.linkedin.com/posts/lucianocunha_toincrease-globalteam-excitingnews-activity-7201560443742502912-bnQ2
02/06/2024-01:21:09: 		Perfil encontrado: luciano-s-l-cunha-11314934
02/06/2024-01:21:12: 		Score: 0.52
02/06/2024-01:21:12: 		O perfil nao passou na validacao.
02/06/2024-01:21:13: 	Pesquisando por Luciano de Araújo UFMG linkedin
02/06/2024-01:21:13: 	Resultados: https://www.linkedin.com/company/macroufmg, https://ca.linkedin.com/in/daniloaraujomarques, https://br.linkedin.com/in/luciano-de-araújo-e-silva-486662a1, https://br.linkedin.com/in/luciano-mendonça-de-araujo-52ab3656, https://www.linkedin.com/pub/dir/Luciano/de+Araújo+Mendonca
02/06/2024-01:21:13: 		Perfil encontrado: luciano-de-araújo-e-silva-486662a1
02/06/2024-01:21:17: 		Score: 0.7142857142857143
02/06/2024-01:21:17: 		O perfil nao passou na validacao.
02/06/2024-01:21:18: 	Pesquisando por Luciano Pimenta UFMG linkedin
02/06/2024-01:21:18: 	Resultados: https://www.linkedin.com/company/macroufmg, https://scholar.google.com/citations?user=jF9S_gMAAAAJ, https://www.linkedin.com/posts/macroufmg_macro-ufmg-iros2023-activity-7123037054191423488-PtIt, https://somos.ufmg.br/professor/luciano-cunha-de-araujo-pimenta, https://www.researchgate.net/profile/Luciano-Pimenta
02/06/2024-01:21:18: 		Perfil nao encontrado.
02/06/2024-01:21:18: * Luciano Cunha de Araújo Pimenta NAO ENCONTRADO.
02/06/2024-01:21:18: 91% - Procurando por Vitor Angelo Maria Ferreira Torres:
02/06/2024-01:21:21: 	Variações de nome público: Vitor Angelo Ferreira Torres, Vitor Angelo Maria Ferreira Torres, Vitor Angelo Maria Ferreira, Vitor Maria Ferreira Torres, Vitor Angelo Maria Torres, Vitor Maria Torres, Vitor Ferreira Torres, Vitor Angelo Torres, Vitor Angelo Ferreira, Vitor Maria Ferreira, Vitor Torres, Vitor Ferreira, Vitor Maria, Vitor Angelo, Vitor Angelo Maria
02/06/2024-01:21:23: 	Pesquisando por Vitor Angelo Ferreira Torres UFMG linkedin
02/06/2024-01:21:23: 	Resultados: https://somos.ufmg.br/professor/vitor-angelo-maria-ferreira-torres, https://delt.eng.ufmg.br/equipe-docente/, https://br.linkedin.com/in/vitor-angelo-6060b6303, https://br.linkedin.com/in/vitor-a-aa1976142, https://www.linkedin.com/pub/dir/Victor+Angelo/Torres
02/06/2024-01:21:23: 		Perfil encontrado: vitor-angelo-6060b6303
02/06/2024-01:21:32: 		O perfil nao passou na validacao.
02/06/2024-01:21:34: 	Pesquisando por Vitor Angelo Maria Ferreira Torres UFMG linkedin
02/06/2024-01:21:34: 	Resultados: https://somos.ufmg.br/professor/vitor-angelo-maria-ferreira-torres, https://ww2.ppgee.ufmg.br/defesas/1476D.PDF, https://delt.eng.ufmg.br/equipe-docente/, https://somos.ufmg.br/departamento/Departamento-de-Engenharia-Eletronica, https://www.linkedin.com/pub/dir/Victor+Angelo/Torres
02/06/2024-01:21:34: 		Perfil nao encontrado.
02/06/2024-01:21:35: 	Pesquisando por Vitor Angelo Maria Ferreira UFMG linkedin
02/06/2024-01:21:35: 	Resultados: https://somos.ufmg.br/professor/vitor-angelo-maria-ferreira-torres, https://delt.eng.ufmg.br/equipe-docente/, https://br.linkedin.com/in/vitor-angelo-ferreira-392297306, https://br.linkedin.com/in/vitor-a-aa1976142, https://br.linkedin.com/in/pedro-víctor-ferreira-228487121
02/06/2024-01:21:35: 		Perfil encontrado: vitor-angelo-ferreira-392297306
02/06/2024-01:21:44: 		O perfil nao passou na validacao.
02/06/2024-01:21:45: 	Pesquisando por Vitor Maria Ferreira Torres UFMG linkedin
02/06/2024-01:21:45: 	Resultados: https://somos.ufmg.br/professor/vitor-angelo-maria-ferreira-torres, https://br.linkedin.com/in/vitor-f-ferreira-2a8ba94a, https://br.linkedin.com/in/fmjvitor, https://br.linkedin.com/in/vitor-a-aa1976142, https://www.researchgate.net/profile/Vitor-Torres-4
02/06/2024-01:21:45: 		Perfil encontrado: vitor-f-ferreira-2a8ba94a
02/06/2024-01:21:49: 		Score: 0.6
02/06/2024-01:21:49: 		O perfil nao passou na validacao.
02/06/2024-01:21:50: 	Pesquisando por Vitor Angelo Maria Torres UFMG linkedin
02/06/2024-01:21:50: 	Resultados: https://somos.ufmg.br/professor/vitor-angelo-maria-ferreira-torres, https://delt.eng.ufmg.br/equipe-docente/, https://br.linkedin.com/in/vitor-angelo-6060b6303, https://br.linkedin.com/in/paulo-vítor-ângelo-26193264, https://br.linkedin.com/in/vitor-ângelo-a3b92727
02/06/2024-01:21:50: 		Perfil já descartado.
02/06/2024-01:21:51: 	Pesquisando por Vitor Maria Torres UFMG linkedin
02/06/2024-01:21:51: 	Resultados: https://br.linkedin.com/in/vitormarquesr, https://somos.ufmg.br/professor/vitor-angelo-maria-ferreira-torres, https://www.linkedin.com/in/v3st, https://br.linkedin.com/in/vitorpimentavelloso-08b6b5267, https://www.researchgate.net/profile/Vitor-Torres-4
02/06/2024-01:21:51: 		Perfil encontrado: vitormarquesr
02/06/2024-01:21:55: 		Score: 0.2857142857142857
02/06/2024-01:21:55: 		O perfil nao passou na validacao.
02/06/2024-01:21:56: 	Pesquisando por Vitor Ferreira Torres UFMG linkedin
02/06/2024-01:21:56: 	Resultados: https://somos.ufmg.br/professor/vitor-angelo-maria-ferreira-torres, https://www.linkedin.com/in/vitor-ferreira-942825194, https://www.linkedin.com/in/vitor-ferreira-779a11114, https://br.linkedin.com/in/vitor-f-ferreira-2a8ba94a, https://br.linkedin.com/in/fmjvitor
02/06/2024-01:21:56: 		Perfil já descartado.
02/06/2024-01:21:57: 	Pesquisando por Vitor Angelo Torres UFMG linkedin
02/06/2024-01:21:57: 	Resultados: https://somos.ufmg.br/professor/vitor-angelo-maria-ferreira-torres, https://delt.eng.ufmg.br/equipe-docente/, https://br.linkedin.com/in/paulo-vítor-ângelo-26193264, https://www.linkedin.com/pub/dir/Victor+Angelo/Torres, https://www.linkedin.com/pub/dir/Vitor/Ângelo
02/06/2024-01:21:57: 		Perfil encontrado: paulo-vítor-ângelo-26193264
02/06/2024-01:22:00: 		Score: 0.38461538461538464
02/06/2024-01:22:00: 		O perfil nao passou na validacao.
02/06/2024-01:22:02: 	Pesquisando por Vitor Angelo Ferreira UFMG linkedin
02/06/2024-01:22:02: 	Resultados: https://somos.ufmg.br/professor/vitor-angelo-maria-ferreira-torres, https://br.linkedin.com/in/vitor-lara-a347ba202, https://br.linkedin.com/in/vitor-a-aa1976142, https://br.linkedin.com/in/vitor-angelo-ferreira-392297306, https://www.linkedin.com/pub/dir/+/Vitor+ferreira
02/06/2024-01:22:02: 		Perfil encontrado: vitor-lara-a347ba202
02/06/2024-01:22:05: 		O perfil nao passou na validacao.
02/06/2024-01:22:06: 	Pesquisando por Vitor Maria Ferreira UFMG linkedin
02/06/2024-01:22:06: 	Resultados: https://br.linkedin.com/in/fmjvitor, https://pt.linkedin.com/in/vitor-ferreira-648225153, https://br.linkedin.com/in/vitormarquesr, https://www.linkedin.com/in/vitor-ferreira-942825194, https://au.linkedin.com/in/vitormrpereira
02/06/2024-01:22:06: 		Perfil encontrado: fmjvitor
02/06/2024-01:22:10: 		Score: 0.6229508196721312
02/06/2024-01:22:10: 		O perfil nao passou na validacao.
02/06/2024-01:22:11: 	Pesquisando por Vitor Torres UFMG linkedin
02/06/2024-01:22:11: 	Resultados: https://www.linkedin.com/in/victor-torres-9031b2202/es, https://au.linkedin.com/in/vitormrpereira, https://www.linkedin.com/in/victor-torres-aviles-83226580, https://www.researchgate.net/profile/Vitor-Torres-4, https://www.linkedin.com/posts/víctor-torres-gea_good-afternoon-my-name-is-víctor-torres-activity-7163599543186477056-0uFw
02/06/2024-01:22:11: 		Perfil nao encontrado.
02/06/2024-01:22:12: 	Pesquisando por Vitor Ferreira UFMG linkedin
02/06/2024-01:22:12: 	Resultados: https://br.linkedin.com/in/vítor-ferreira-rodrigues-a2aa421a1, https://br.linkedin.com/in/fmjvitor, https://br.linkedin.com/in/victor-ferreira-da-silva-190678a0, https://br.linkedin.com/in/joao-vf, https://br.linkedin.com/in/vitor-ferreira-98471a137
02/06/2024-01:22:12: 		Perfil encontrado: vítor-ferreira-rodrigues-a2aa421a1
02/06/2024-01:22:15: 		O perfil nao passou na validacao.
02/06/2024-01:22:16: 	Pesquisando por Vitor Maria UFMG linkedin
02/06/2024-01:22:16: 	Resultados: https://br.linkedin.com/in/vitor-m-08165ab8, https://br.linkedin.com/in/vitormarquesr, https://br.linkedin.com/in/vitor-augusto-araujo, https://br.linkedin.com/in/vitorpimentavelloso-08b6b5267, https://www.linkedin.com/pub/dir/Maria/Victor 
02/06/2024-01:22:16: 		Perfil encontrado: vitor-m-08165ab8
02/06/2024-01:22:19: 		Score: 0.3333333333333333
02/06/2024-01:22:19: 		O perfil nao passou na validacao.
02/06/2024-01:22:20: 	Pesquisando por Vitor Angelo UFMG linkedin
02/06/2024-01:22:20: 	Resultados: https://somos.ufmg.br/professor/vitor-angelo-maria-ferreira-torres, https://br.linkedin.com/in/paulo-vítor-ângelo-26193264, https://br.linkedin.com/in/victor-angelo-564b42222, https://www.linkedin.com/in/victorediaz, https://br.linkedin.com/in/vitor-angelo-diniz-moreira-7b0a7235/en
02/06/2024-01:22:20: 		Perfil já descartado.
02/06/2024-01:22:21: 	Pesquisando por Vitor Angelo Maria UFMG linkedin
02/06/2024-01:22:21: 	Resultados: https://somos.ufmg.br/professor/vitor-angelo-maria-ferreira-torres, https://delt.eng.ufmg.br/equipe-docente/, https://br.linkedin.com/in/paulo-vítor-ângelo-26193264, https://br.linkedin.com/in/vitorpimentavelloso-08b6b5267, https://br.linkedin.com/in/vitor-angelo-diniz-moreira-7b0a7235/en
02/06/2024-01:22:21: 		Perfil já descartado.
02/06/2024-01:22:21: * Vitor Angelo Maria Ferreira Torres NAO ENCONTRADO.
02/06/2024-01:22:21: 95% - Procurando por Bruno Otávio Soares Teixeira:
02/06/2024-01:22:24: 	Variações de nome público: Bruno Otávio Soares Teixeira, Bruno Otávio Soares, Bruno Otávio Teixeira, Bruno Soares Teixeira, Bruno Soares, Bruno Teixeira, Bruno Otávio
02/06/2024-01:22:25: 	Pesquisando por Bruno Otávio Soares Teixeira UFMG linkedin
02/06/2024-01:22:25: 	Resultados: https://br.linkedin.com/in/bruno-otávio-soares-teixeira-b15898206, https://www.linkedin.com/posts/bruno-otávio-soares-teixeira-b15898206_mostra-sua-ufmg-está-de-volta-ao-campus-pampulha-activity-7065026251542937600-FMPP, https://pt.linkedin.com/posts/bruno-otávio-soares-teixeira-b15898206_ufmg-consolida-posição-de-melhor-federal-activity-7181751509620056065-lcgc, https://www.linkedin.com/posts/bruno-otávio-soares-teixeira-b15898206_ufmg-tem-mais-de-80-dos-cursos-de-graduação-activity-6978483286515826688-nSjx, https://www.linkedin.com/posts/bruno-otávio-soares-teixeira-b15898206_mostra-sua-ufmg-apresenta-a-universidade-activity-7000868973844017152-7vqu
02/06/2024-01:22:25: 		Perfil encontrado: bruno-otávio-soares-teixeira-b15898206
02/06/2024-01:22:35: 		O perfil passou na validacao.
02/06/2024-01:22:35: Bruno Otávio Soares Teixeira ENCONTRADO.
02/06/2024-01:22:35: VARREDURA FINALIZADA.
02/06/2024-01:22:36: 	Driver Selenium encerrado.
02/06/2024-01:22:36: TEMPO DE EXECUÇÃO DA VARREDURA: 6 minutos e 49 segundos.
02/06/2024-01:22:36: Dados exportados com sucesso.
02/06/2024-01:22:36: Encerrando programa.
