22/05/2024-22:02:09: Execução iniciada.
22/05/2024-22:02:11: 	Driver Selenium inicializado
22/05/2024-22:02:25: 	Login efetuado com sucesso.
22/05/2024-22:02:25: 	Nomes a buscar importados com sucesso.
22/05/2024-22:02:25: VARREDURA INICIADA.
22/05/2024-22:02:25: 0% - Procurando por Carlos Ermidio Ferreira Caetano:
22/05/2024-22:02:28: 	Variações de nome público: Carlos Ermidio Ferreira Caetano, Carlos Ermidio Ferreira, Carlos Ermidio Caetano, Carlos Ferreira, Carlos Ferreira Caetano, Carlos Ermidio, Carlos Caetano
22/05/2024-22:02:34: 	Pesquisando por Carlos Ermidio Ferreira Caetano UFMG linkedin
22/05/2024-22:02:34: 	Resultados: https://br.linkedin.com/in/carlos-ermídio-f-caetano-63483b13a, https://somos.ufmg.br/professor/carlos-ermidio-ferreira-caetano, https://ufmg.br/a-universidade/pessoas/336173, http://www.renovaveis.cpdee.ufmg.br/index.php/corpo-docente.html, https://www.escavador.com/sobre/197419592/carlos-ermidio-ferreira-caetano
22/05/2024-22:02:34: 		Perfil encontrado: carlos-ermídio-f-caetano-63483b13a
22/05/2024-22:02:52: 		O perfil passou na validação.
22/05/2024-22:02:52: Carlos Ermidio Ferreira Caetano ENCONTRADO.
22/05/2024-22:02:52: 5% - Procurando por Frederico Ferreira Viana Matos:
22/05/2024-22:02:55: 	Variações de nome público: Frederico Ferreira Viana Matos, Frederico Ferreira Viana, Frederico Ferreira Matos, Frederico Viana Matos, Frederico Ferreira, Frederico Viana, Frederico Matos
22/05/2024-22:02:56: 	Pesquisando por Frederico Ferreira Viana Matos UFMG linkedin
22/05/2024-22:02:56: 	Resultados: https://www.escavador.com/sobre/6912838/frederico-ferreira-viana-matos, https://www.ppgee.ufmg.br/corpodoc.php, https://at.linkedin.com/in/frederico-matos-38179669/en, https://delt.eng.ufmg.br/equipe-docente/, https://at.linkedin.com/in/frederico-matos-38179669
22/05/2024-22:02:56: 		Perfil não encontrado.
22/05/2024-22:02:57: 	Pesquisando por Frederico Ferreira Viana UFMG linkedin
22/05/2024-22:02:57: 	Resultados: https://br.linkedin.com/in/fredericovianasilverio, https://br.linkedin.com/in/frederico-leocádio-ferreira-446210168, https://br.linkedin.com/in/frederico-bethônico-monteiro, https://www.escavador.com/sobre/6912838/frederico-ferreira-viana-matos, https://br.linkedin.com/in/frederico-ferreira-b6b1b672
22/05/2024-22:02:57: 		Perfil encontrado: fredericovianasilverio
22/05/2024-22:03:05: 		O perfil não passou na validação.
22/05/2024-22:03:07: 	Pesquisando por Frederico Ferreira Matos UFMG linkedin
22/05/2024-22:03:07: 	Resultados: https://www.linkedin.com/posts/frederico-matos-ferreira_im-thrilled-to-announce-that-this-month-activity-7089514477682839552-vH0u, https://www.linkedin.com/posts/frederico-matos-ferreira_ag5-skills-management-software-just-unwrapped-activity-7140721999324020736-RQ4E, https://www.linkedin.com/posts/frederico-matos-ferreira_team-experience-data-activity-7074346013578117121-Ocft, https://at.linkedin.com/in/frederico-matos-38179669, https://www.researchgate.net/profile/Frederico-Matos
22/05/2024-22:03:07: 		Perfil não encontrado.
22/05/2024-22:03:08: 	Pesquisando por Frederico Viana Matos UFMG linkedin
22/05/2024-22:03:08: 	Resultados: https://at.linkedin.com/in/frederico-matos-38179669, https://at.linkedin.com/in/frederico-matos-38179669/en, https://www.escavador.com/sobre/6912838/frederico-ferreira-viana-matos, https://www.researchgate.net/profile/Frederico-Matos, https://br.linkedin.com/in/fredericovianasilverio
22/05/2024-22:03:08: 		Perfil já descartado.
22/05/2024-22:03:14: 	Pesquisando por Frederico Ferreira UFMG linkedin
22/05/2024-22:03:14: 	Resultados: https://br.linkedin.com/in/frederico-leocádio-ferreira-446210168, https://br.linkedin.com/in/fredleocadio, https://br.linkedin.com/in/frederico-ferreira-4240a9126, https://br.linkedin.com/in/frederico-ferreira-b6b1b672, https://dcc.ufmg.br/professor/frederico-ferreira-campos-filho/
22/05/2024-22:03:14: 		Perfil encontrado: frederico-leocádio-ferreira-446210168
22/05/2024-22:03:21: 		O perfil não passou na validação.
22/05/2024-22:03:23: 	Pesquisando por Frederico Viana UFMG linkedin
22/05/2024-22:03:23: 	Resultados: https://br.linkedin.com/in/fredericovianasilverio, https://br.linkedin.com/in/frederico-viana-santos-97041a146, https://pt.linkedin.com/in/fredericovianabr, https://www.linkedin.com/pub/dir/frederico/viana, https://pt.linkedin.com/in/frederico-viana-2068055
22/05/2024-22:03:23: 		Perfil já descartado.
22/05/2024-22:03:29: 	Pesquisando por Frederico Matos UFMG linkedin
22/05/2024-22:03:29: 	Resultados: https://at.linkedin.com/in/frederico-matos-38179669, https://www.linkedin.com/posts/frederico-matos-38179669_im-happy-to-share-that-since-last-december-activity-7032404031721418752-tMDU, https://www.researchgate.net/profile/Frederico-Matos, https://www.linkedin.com/posts/frederico-matos-38179669_especialização-em-energias-renováveis-da-activity-6887337751625134080-2DZx, https://pt.linkedin.com/in/frederico-matos-gonçalves-984a86177
22/05/2024-22:03:29: 		Perfil não encontrado.
22/05/2024-22:03:29: * Frederico Ferreira Viana Matos NÃO ENCONTRADO.
22/05/2024-22:03:29: 10% - Procurando por Ricardo Luiz da Silva Adriano:
22/05/2024-22:03:32: 	Variações de nome público: Ricardo Luiz da Silva Adriano, Ricardo Luiz da Silva, Ricardo Luiz Adriano, Ricardo da Silva Adriano, Ricardo Adriano, Ricardo Luiz, Ricardo da Silva
22/05/2024-22:03:33: 	Pesquisando por Ricardo Luiz da Silva Adriano UFMG linkedin
22/05/2024-22:03:33: 	Resultados: https://somos.ufmg.br/professor/ricardo-luiz-da-silva-adriano, https://pges.eng.ufmg.br/team-details/ricardo-luiz-da-silva-adriano/, https://www.researchgate.net/profile/Ricardo-Adriano, https://www.eng.ufmg.br/portal/category/congregacao/membros/, https://ieeexplore.ieee.org/author/37089170031
22/05/2024-22:03:33: 		Perfil não encontrado.
22/05/2024-22:03:43: 	Pesquisando por Ricardo Luiz da Silva UFMG linkedin
22/05/2024-22:03:43: 	Resultados: https://somos.ufmg.br/professor/ricardo-luiz-da-silva-adriano, https://www.linkedin.com/pub/dir/Ricardo/Luiz Oliveira Da Silva, https://www.linkedin.com/in/ricardo-luis-da-silva-506a4a81, https://www.linkedin.com/pub/dir/Ricardo luiz/Da silva, https://br.linkedin.com/pub/dir/Ricardo/Luiz+Da+Silva/br-0-Brasil
22/05/2024-22:03:43: 		Perfil não encontrado.
22/05/2024-22:03:44: 	Pesquisando por Ricardo Luiz Adriano UFMG linkedin
22/05/2024-22:03:44: 	Resultados: https://somos.ufmg.br/professor/ricardo-luiz-da-silva-adriano, https://pges.eng.ufmg.br/team-details/ricardo-luiz-da-silva-adriano/, https://www.linkedin.com/in/luiz-adriano-76428230b, https://www.researchgate.net/profile/Ricardo-Adriano, https://www.linkedin.com/pub/dir/Ricardo/Adriano/ph-0-Philippines
22/05/2024-22:03:44: 		Perfil não encontrado.
22/05/2024-22:03:50: 	Pesquisando por Ricardo da Silva Adriano UFMG linkedin
22/05/2024-22:03:50: 	Resultados: https://somos.ufmg.br/professor/ricardo-luiz-da-silva-adriano, https://pges.eng.ufmg.br/team-details/ricardo-luiz-da-silva-adriano/, https://www.linkedin.com/pub/dir/Ricardo+Adriano/da+Silva/br-0-Brasil, https://www.researchgate.net/profile/Ricardo-Adriano, https://br.linkedin.com/in/ricardoadf
22/05/2024-22:03:50: 		Perfil encontrado: ricardoadf
22/05/2024-22:03:57: 		O perfil não passou na validação.
22/05/2024-22:03:58: 	Pesquisando por Ricardo Adriano UFMG linkedin
22/05/2024-22:03:58: 	Resultados: https://br.linkedin.com/in/ricardoadf/en, https://br.linkedin.com/in/ricardoadf, https://www.linkedin.com/posts/ricardoadf_semana-que-vem-começa-a-38ª-seq-semana-activity-6973784083336163328-KFle, https://www.researchgate.net/profile/Ricardo-Adriano, https://somos.ufmg.br/professor/ricardo-luiz-da-silva-adriano
22/05/2024-22:03:58: 		Perfil encontrado: ricardoadf/en
22/05/2024-22:04:03: 		O perfil não passou na validação.
22/05/2024-22:04:04: 	Pesquisando por Ricardo Luiz UFMG linkedin
22/05/2024-22:04:04: 	Resultados: https://somos.ufmg.br/professor/ricardo-luiz-da-silva-adriano, https://www.linkedin.com/posts/ricardoluizpinto_dccufmg-activity-7085984331369713664-KrNY, https://www.linkedin.com/pub/dir/Ricardo/Luiz Oliveira Da Silva, https://br.linkedin.com/in/ricardo-machado-ruiz-056535, https://somos.ufmg.br/professor/ricardo-luiz-utsch-de-freitas-pinto
22/05/2024-22:04:04: 		Perfil encontrado: ricardo-machado-ruiz-056535
22/05/2024-22:04:11: 		O perfil não passou na validação.
22/05/2024-22:04:12: 	Pesquisando por Ricardo da Silva UFMG linkedin
22/05/2024-22:04:12: 	Resultados: https://somos.ufmg.br/professor/silvio-ricardo-da-silva, https://br.linkedin.com/in/namuetcha-silva-ricardo-569260120, https://www.linkedin.com/pub/dir/Lúcio/Ricardo Da Silva, https://www.linkedin.com/pub/dir/Eric Ricardo/Da Silva, https://www.researchgate.net/profile/Ricardo-Silva-111
22/05/2024-22:04:12: 		Perfil encontrado: namuetcha-silva-ricardo-569260120
22/05/2024-22:04:19: 		O perfil não passou na validação.
22/05/2024-22:04:19: * Ricardo Luiz da Silva Adriano NÃO ENCONTRADO.
22/05/2024-22:04:19: 15% - Procurando por André Paim Lemos:
22/05/2024-22:04:22: 	Variações de nome público: André Paim Lemos, André Paim, André Lemos
22/05/2024-22:04:23: 	Pesquisando por André Paim Lemos UFMG linkedin
22/05/2024-22:04:23: 	Resultados: https://br.linkedin.com/in/andrepaimlemos, https://www.linkedin.com/pub/dir/Andre/Paim+Lemos, https://www.linkedin.com/feed/update/urn:li:activity:7119690019220447232/, https://delt.eng.ufmg.br/equipe-docente/, https://www.linkedin.com/posts/andrepaimlemos_loggers-vempraloggi-activity-6476077306245836800-3eYB
22/05/2024-22:04:23: 		Perfil encontrado: andrepaimlemos
22/05/2024-22:04:36: 		O perfil passou na validação.
22/05/2024-22:04:36: André Paim Lemos ENCONTRADO.
22/05/2024-22:04:36: 20% - Procurando por Alessandro Fernandes Moreira:
22/05/2024-22:04:38: 	Variações de nome público: Alessandro Fernandes Moreira, Alessandro Fernandes, Alessandro Moreira
22/05/2024-22:04:39: 	Pesquisando por Alessandro Fernandes Moreira UFMG linkedin
22/05/2024-22:04:39: 	Resultados: https://ufmg.br/a-universidade/pessoas/025550, https://ufmg.br/a-universidade/gestao/dirigentes, https://somos.ufmg.br/professor/alessandro-fernandes-moreira, https://www.escavador.com/sobre/5108741/alessandro-fernandes-moreira, http://cms.ufmg.br/comunicacao/noticias/ufmg-sedia-reuniao-que-marca-25-anos-de-criacao-de-programa-de-formacao-da-anp
22/05/2024-22:04:39: 		Perfil não encontrado.
22/05/2024-22:04:45: 	Pesquisando por Alessandro Fernandes UFMG linkedin
22/05/2024-22:04:45: 	Resultados: https://ufmg.br/a-universidade/pessoas/025550, https://ufmg.br/a-universidade/gestao/dirigentes, https://somos.ufmg.br/professor/alessandro-fernandes-moreira, https://www.escavador.com/sobre/5108741/alessandro-fernandes-moreira, https://www2.ufmg.br/sods/Sods/Conselho-de-Diretores/Composicao
22/05/2024-22:04:45: 		Perfil não encontrado.
22/05/2024-22:04:47: 	Pesquisando por Alessandro Moreira UFMG linkedin
22/05/2024-22:04:47: 	Resultados: https://br.linkedin.com/in/alessandro-moreira-37b0bbaa, https://ufmg.br/a-universidade/gestao/dirigentes, https://ufmg.br/comunicacao/eventos/em-painel-virtual-da-uff-professor-alessandro-moreira-discute-transformacao-digital-pos-pandemia, https://ufmg.br/a-universidade/pessoas/025550, https://ufmg.br/comunicacao/noticias/novo-procurador-chefe-da-procuradoria-federal-na-ufmg-toma-posse
22/05/2024-22:04:47: 		Perfil encontrado: alessandro-moreira-37b0bbaa
22/05/2024-22:05:00: 		O perfil passou na validação.
22/05/2024-22:05:00: Alessandro Fernandes Moreira ENCONTRADO.
22/05/2024-22:05:00: 25% - Procurando por Braz de Jesus Cardoso Filho:
22/05/2024-22:05:03: 	Variações de nome público: Braz de Jesus Cardoso Filho, Braz de Jesus Cardoso, Braz de Jesus Filho, Braz Cardoso Filho, Braz Filho, Braz Cardoso, Braz de Jesus
22/05/2024-22:05:08: 	Pesquisando por Braz de Jesus Cardoso Filho UFMG linkedin
22/05/2024-22:05:08: 	Resultados: https://br.linkedin.com/in/braz-de-jesus-cardoso-filho-02b3a9a2, https://somos.ufmg.br/professor/braz-de-jesus-cardoso-filho, https://www.researchgate.net/profile/Braz-Cardoso-Filho, https://www.linkedin.com/posts/study-center-in-distributed-generation-and-microgrids-0769891a2_ufmg-ppgee-escoladeengenharia-activity-6891884197473001472-QSar, https://scholar.google.com/citations?user=lHu-XtUAAAAJ
22/05/2024-22:05:08: 		Perfil encontrado: braz-de-jesus-cardoso-filho-02b3a9a2
22/05/2024-22:05:21: 		O perfil passou na validação.
22/05/2024-22:05:21: Braz de Jesus Cardoso Filho ENCONTRADO.
22/05/2024-22:05:21: 30% - Procurando por Marcos Antônio Severo Mendes:
22/05/2024-22:05:24: 	Variações de nome público: Marcos Antônio Severo Mendes, Marcos Antônio Mendes, Marcos Antônio Severo, Marcos Severo Mendes, Marcos Severo, Marcos Mendes, Marcos Antônio
22/05/2024-22:05:26: 	Pesquisando por Marcos Antônio Severo Mendes UFMG linkedin
22/05/2024-22:05:26: 	Resultados: https://ufmg.br/a-universidade/pessoas/14777X, https://somos.ufmg.br/professor/marcos-antonio-severo-mendes, https://www.researchgate.net/profile/Marcos-Mendes-2, https://www.researchgate.net/profile/Marcos-Severo-Mendes, https://www.ppgee.ufmg.br/diss_defesas_detalhesi.php?aluno=1273
22/05/2024-22:05:26: 		Perfil não encontrado.
22/05/2024-22:05:27: 	Pesquisando por Marcos Antônio Mendes UFMG linkedin
22/05/2024-22:05:27: 	Resultados: https://br.linkedin.com/in/marcoantoniomendes, https://ufmg.br/a-universidade/pessoas/14777X, https://somos.ufmg.br/professor/marcos-antonio-severo-mendes, https://br.linkedin.com/in/marcomendes/en, https://br.linkedin.com/in/marcomacchado
22/05/2024-22:05:27: 		Perfil encontrado: marcoantoniomendes
22/05/2024-22:05:34: 		O perfil não passou na validação.
22/05/2024-22:05:35: 	Pesquisando por Marcos Antônio Severo UFMG linkedin
22/05/2024-22:05:35: 	Resultados: https://somos.ufmg.br/professor/marcos-antonio-severo-mendes, https://ufmg.br/a-universidade/pessoas/14777X, https://www.researchgate.net/profile/Marcos-Severo-Mendes, https://br.linkedin.com/in/marcos-antônio-1526a12a, https://www.linkedin.com/pub/dir/marcos+antônio/severo
22/05/2024-22:05:35: 		Perfil encontrado: marcos-antônio-1526a12a
22/05/2024-22:05:41: 		O perfil não passou na validação.
22/05/2024-22:05:42: 	Pesquisando por Marcos Severo Mendes UFMG linkedin
22/05/2024-22:05:42: 	Resultados: https://www.researchgate.net/profile/Marcos-Severo-Mendes, https://somos.ufmg.br/professor/marcos-antonio-severo-mendes, https://www.researchgate.net/profile/Marcos-Mendes-2, https://ufmg.br/a-universidade/pessoas/14777X, https://www.ppgee.ufmg.br/tese_defesas_detalhes.php?aluno=886
22/05/2024-22:05:42: 		Perfil não encontrado.
22/05/2024-22:05:48: 	Pesquisando por Marcos Severo UFMG linkedin
22/05/2024-22:05:48: 	Resultados: https://br.linkedin.com/in/misevero, https://www.linkedin.com/today/author/marcos-severo-30967936, https://somos.ufmg.br/professor/marcos-antonio-severo-mendes, https://www.researchgate.net/profile/Marcos-Severo-Mendes, https://www.linkedin.com/company/macroufmg
22/05/2024-22:05:48: 		Perfil encontrado: misevero
22/05/2024-22:05:55: 		O perfil não passou na validação.
22/05/2024-22:06:06: 	Pesquisando por Marcos Mendes UFMG linkedin
22/05/2024-22:06:06: 	Resultados: https://br.linkedin.com/in/marcomendes/en, https://br.linkedin.com/in/marcomendes, https://www.linkedin.com/pub/dir/Marco Aurelio/Mendes Marques, https://www.researchgate.net/profile/Marcos-Mendes-2, https://www.linkedin.com/pub/dir/Marco Aurelio/Mendes Cardoso
22/05/2024-22:06:06: 		Perfil encontrado: marcomendes/en
22/05/2024-22:06:11: 		O perfil não passou na validação.
22/05/2024-22:06:17: 	Pesquisando por Marcos Antônio UFMG linkedin
22/05/2024-22:06:17: 	Resultados: https://br.linkedin.com/in/marcos-antônio-1526a12a, https://br.linkedin.com/in/marcos-antônio-de-camargos-3656162a, https://br.linkedin.com/in/marcos-antonio-neiva, https://somos.ufmg.br/professor/marcos-antonio-de-camargos, https://www.linkedin.com/company/macroufmg
22/05/2024-22:06:17: 		Perfil já descartado.
22/05/2024-22:06:17: * Marcos Antônio Severo Mendes NÃO ENCONTRADO.
22/05/2024-22:06:17: 35% - Procurando por Adriano Vilela Barbosa:
22/05/2024-22:06:19: 	Variações de nome público: Adriano Vilela Barbosa, Adriano Vilela, Adriano Barbosa
22/05/2024-22:06:21: 	Pesquisando por Adriano Vilela Barbosa UFMG linkedin
22/05/2024-22:06:21: 	Resultados: https://somos.ufmg.br/professor/adriano-vilela-barbosa, https://ufmg.br/a-universidade/pessoas/251860, https://www.researchgate.net/profile/Adriano-Barbosa-7, https://scholar.google.co.il/citations?user=S-O0ugsAAAAJ&hl=en, https://delt.eng.ufmg.br/equipe-docente/
22/05/2024-22:06:21: 		Perfil não encontrado.
22/05/2024-22:06:26: 	Pesquisando por Adriano Vilela UFMG linkedin
22/05/2024-22:06:26: 	Resultados: https://scholar.google.co.il/citations?user=S-O0ugsAAAAJ&hl=en, https://br.linkedin.com/in/adriano-vilela-84bb43225, https://somos.ufmg.br/professor/adriano-vilela-barbosa, https://ufmg.br/a-universidade/pessoas/251860, https://br.linkedin.com/in/adriano-vilela-3b989567
22/05/2024-22:06:26: 		Perfil encontrado: adriano-vilela-84bb43225
22/05/2024-22:06:40: 		O perfil não passou na validação.
22/05/2024-22:06:46: 	Pesquisando por Adriano Barbosa UFMG linkedin
22/05/2024-22:06:46: 	Resultados: https://www.linkedin.com/posts/dr-adriano-barbosa-phd_spintec-covid-vacina-activity-7006528697742540800-gLMO, https://www.researchgate.net/profile/Adriano-Barbosa-7, https://www.adriano-barbosa.eu/, https://somos.ufmg.br/professor/adriano-vilela-barbosa, https://www.adriano-barbosa.eu/past-affiliations/ufmg
22/05/2024-22:06:46: 		Perfil não encontrado.
22/05/2024-22:06:46: * Adriano Vilela Barbosa NÃO ENCONTRADO.
22/05/2024-22:06:46: 40% - Procurando por Luciano de Errico:
22/05/2024-22:06:49: 	Variações de nome público: Luciano de Errico
22/05/2024-22:06:50: 	Pesquisando por Luciano de Errico UFMG linkedin
22/05/2024-22:06:50: 	Resultados: https://www.researchgate.net/profile/Luciano-Errico, https://somos.ufmg.br/professor/luciano-de-errico, https://ufmg.br/a-universidade/pessoas/142239, https://www.escavador.com/sobre/5331692/luciano-de-errico, https://elo.fco.org.br/index.php?page=6&pesquisador=53
22/05/2024-22:06:50: 		Perfil não encontrado.
22/05/2024-22:06:50: * Luciano de Errico NÃO ENCONTRADO.
22/05/2024-22:06:50: 45% - Procurando por Antônio de Pádua Braga:
22/05/2024-22:06:52: 	Variações de nome público: Antônio de Pádua Braga, Antônio de Pádua, Antônio Braga
22/05/2024-22:07:04: 	Pesquisando por Antônio de Pádua Braga UFMG linkedin
22/05/2024-22:07:04: 	Resultados: https://br.linkedin.com/in/apbraga, http://www.cpdee.ufmg.br/~apbraga/, https://somos.ufmg.br/professor/antonio-de-padua-braga, https://scholar.google.com/citations?user=twRpocQAAAAJ, https://www.linkedin.com/pub/dir/Antonio+de+Pádua/Braga
22/05/2024-22:07:04: 		Perfil encontrado: apbraga
22/05/2024-22:07:18: 		O perfil passou na validação.
22/05/2024-22:07:18: Antônio de Pádua Braga ENCONTRADO.
22/05/2024-22:07:18: 50% - Procurando por Lenin Martins Ferreira Morais:
22/05/2024-22:07:20: 	Variações de nome público: Lenin Martins Ferreira Morais, Lenin Martins Ferreira, Lenin Martins Morais, Lenin Ferreira Morais, Lenin Martins, Lenin Ferreira, Lenin Morais
22/05/2024-22:07:26: 	Pesquisando por Lenin Martins Ferreira Morais UFMG linkedin
22/05/2024-22:07:26: 	Resultados: https://br.linkedin.com/in/lenin-martins-ferreira-morais-77ba0aa3, https://www.linkedin.com/posts/lenin-martins-ferreira-morais-77ba0aa3_é-sempre-muito-especial-receber-o-reconhecimento-activity-7114008053372362752-mpV5, https://www.linkedin.com/posts/lenin-martins-ferreira-morais-77ba0aa3_delt-ufmg-on-instagram-entrevistasdelt-activity-7092974493861634048-KpEI, https://somos.ufmg.br/professor/lenin-martins-ferreira-morais, https://www.researchgate.net/profile/Lmf-Morais
22/05/2024-22:07:26: 		Perfil encontrado: lenin-martins-ferreira-morais-77ba0aa3
22/05/2024-22:07:39: 		O perfil passou na validação.
22/05/2024-22:07:39: Lenin Martins Ferreira Morais ENCONTRADO.
22/05/2024-22:07:39: 55% - Procurando por Armando Alves Neto:
22/05/2024-22:07:41: 	Variações de nome público: Armando Alves Neto, Armando Alves, Armando Neto
22/05/2024-22:07:52: 	Pesquisando por Armando Alves Neto UFMG linkedin
22/05/2024-22:07:52: 	Resultados: https://br.linkedin.com/in/armando-alves-neto-0b355147, http://www.cpdee.ufmg.br/~aaneto/, https://scholar.google.com/citations?user=ZU3dtd8AAAAJ, https://www.linkedin.com/company/macroufmg, https://somos.ufmg.br/professor/armando-alves-neto
22/05/2024-22:07:52: 		Perfil encontrado: armando-alves-neto-0b355147
22/05/2024-22:08:05: 		O perfil não passou na validação.
22/05/2024-22:08:11: 	Pesquisando por Armando Alves UFMG linkedin
22/05/2024-22:08:11: 	Resultados: https://br.linkedin.com/in/armando-alves-neto-0b355147, https://www.linkedin.com/company/macroufmg, https://scholar.google.com/citations?user=ZU3dtd8AAAAJ, http://www.cpdee.ufmg.br/~aaneto/, https://somos.ufmg.br/professor/armando-alves-neto
22/05/2024-22:08:11: 		Perfil já descartado.
22/05/2024-22:08:13: 	Pesquisando por Armando Neto UFMG linkedin
22/05/2024-22:08:13: 	Resultados: http://www.cpdee.ufmg.br/~aaneto/, https://scholar.google.com/citations?user=ZU3dtd8AAAAJ, https://www.linkedin.com/company/macroufmg, https://br.linkedin.com/in/armando-alves-neto-0b355147, https://www.researchgate.net/profile/Armando-Neto-2
22/05/2024-22:08:13: 		Perfil já descartado.
22/05/2024-22:08:13: * Armando Alves Neto NÃO ENCONTRADO.
22/05/2024-22:08:13: 60% - Procurando por Alberto Resende de Conti:
22/05/2024-22:08:15: 	Variações de nome público: Alberto Resende de Conti, Alberto Resende, Alberto de Conti
22/05/2024-22:08:21: 	Pesquisando por Alberto Resende de Conti UFMG linkedin
22/05/2024-22:08:21: 	Resultados: https://somos.ufmg.br/professor/alberto-resende-de-conti, https://dee.ufmg.br/team-details/alberto-resende-de-conti/, http://cms.ufmg.br/a-universidade/pessoas/222704, https://www.escavador.com/sobre/2028079/alberto-resende-de-conti, https://www.researchgate.net/profile/Alberto-Conti
22/05/2024-22:08:21: 		Perfil não encontrado.
22/05/2024-22:08:27: 	Pesquisando por Alberto Resende UFMG linkedin
22/05/2024-22:08:27: 	Resultados: https://somos.ufmg.br/professor/alberto-resende-de-conti, https://dee.ufmg.br/team-details/alberto-resende-de-conti/, http://cms.ufmg.br/a-universidade/pessoas/222704, https://www.linkedin.com/pub/dir/alberto/resende, https://br.linkedin.com/in/resendegabriel
22/05/2024-22:08:27: 		Perfil encontrado: resendegabriel
22/05/2024-22:08:35: 		O perfil não passou na validação.
22/05/2024-22:08:36: 	Pesquisando por Alberto de Conti UFMG linkedin
22/05/2024-22:08:36: 	Resultados: https://www.researchgate.net/profile/Alberto-Conti, https://somos.ufmg.br/professor/alberto-resende-de-conti, https://dee.ufmg.br/team-details/alberto-resende-de-conti/, https://ieeexplore.ieee.org/author/37393017500, https://it.linkedin.com/in/alberto-de-conti-495b85190
22/05/2024-22:08:36: 		Perfil não encontrado.
22/05/2024-22:08:36: * Alberto Resende de Conti NÃO ENCONTRADO.
22/05/2024-22:08:36: 65% - Procurando por Elson José da Silva:
22/05/2024-22:08:38: 	Variações de nome público: Elson José da Silva, Elson José, Elson da Silva
22/05/2024-22:08:44: 	Pesquisando por Elson José da Silva UFMG linkedin
22/05/2024-22:08:44: 	Resultados: https://br.linkedin.com/in/elson-silva-9818691a, https://www.linkedin.com/posts/elsonjosedasilva_httpunbouncepagescomidentidade-cidada-activity-7075283270535458816-dS4A, https://pt.linkedin.com/posts/elsonjosedasilva_lideragov-activity-6956686907405684736-xRTI, https://somos.ufmg.br/professor/elson-jose-da-silva, https://www.researchgate.net/profile/Elson-Silva-6
22/05/2024-22:08:44: 		Perfil encontrado: elson-silva-9818691a
22/05/2024-22:08:51: 		O perfil não passou na validação.
22/05/2024-22:08:52: 	Pesquisando por Elson José UFMG linkedin
22/05/2024-22:08:52: 	Resultados: https://www.linkedin.com/posts/elsonjosedasilva_activity-7061413735180963840-w31M, https://somos.ufmg.br/professor/elson-jose-da-silva, https://br.linkedin.com/in/elson-silva-9818691a, https://br.linkedin.com/in/elson-alvim-a741b1a6, https://www.linkedin.com/pub/dir/elson/josé
22/05/2024-22:08:52: 		Perfil já descartado.
22/05/2024-22:08:53: 	Pesquisando por Elson da Silva UFMG linkedin
22/05/2024-22:08:53: 	Resultados: https://br.linkedin.com/in/elson-silva-9818691a, https://www.researchgate.net/profile/Elson-Silva-6, https://somos.ufmg.br/professor/elson-jose-da-silva, https://www.linkedin.com/pub/dir/elson/silva, https://www.linkedin.com/pub/dir/Edielson/Soares Da Silva
22/05/2024-22:08:53: 		Perfil já descartado.
22/05/2024-22:08:53: * Elson José da Silva NÃO ENCONTRADO.
22/05/2024-22:08:53: 70% - Procurando por Fernando Henrique Silveira:
22/05/2024-22:08:55: 	Variações de nome público: Fernando Henrique Silveira, Fernando Henrique, Fernando Silveira
22/05/2024-22:09:00: 	Pesquisando por Fernando Henrique Silveira UFMG linkedin
22/05/2024-22:09:00: 	Resultados: https://somos.ufmg.br/professor/fernando-henrique-silveira, https://ufmg.br/a-universidade/pessoas/222836, https://br.linkedin.com/in/fernando-silveira-12457410, https://www.researchgate.net/profile/Fernando-Silveira-8, https://br.linkedin.com/in/fernando-silveira-755b3922
22/05/2024-22:09:00: 		Perfil encontrado: fernando-silveira-12457410
22/05/2024-22:09:13: 		O perfil passou na validação.
22/05/2024-22:09:13: Fernando Henrique Silveira ENCONTRADO.
22/05/2024-22:09:13: 75% - Procurando por Marco Aurélio de Souza Birchal:
22/05/2024-22:09:16: 	Variações de nome público: Marco Aurélio de Souza Birchal, Marco Aurélio Birchal, Marco de Souza Birchal, Marco Aurélio de Souza, Marco Birchal, Marco de Souza, Marco Aurélio
22/05/2024-22:09:22: 	Pesquisando por Marco Aurélio de Souza Birchal UFMG linkedin
22/05/2024-22:09:22: 	Resultados: https://ufmg.br/a-universidade/pessoas/247421, https://somos.ufmg.br/professor/marco-aurelio-de-souza-birchal, https://www.researchgate.net/profile/Marco-Aurelio-Birchal, https://www.linkedin.com/pub/dir/Marco+Aurélio/Júnior+/br-0-Brasil, https://www.linkedin.com/pub/dir/Marco Aurélio/Souza Freitas
22/05/2024-22:09:22: 		Perfil não encontrado.
22/05/2024-22:09:23: 	Pesquisando por Marco Aurélio Birchal UFMG linkedin
22/05/2024-22:09:23: 	Resultados: https://ufmg.br/a-universidade/pessoas/247421, https://somos.ufmg.br/professor/marco-aurelio-de-souza-birchal, https://www.researchgate.net/profile/Marco-Aurelio-Birchal, https://www.linkedin.com/pub/dir/Marco+Aurélio/Júnior+/br-0-Brasil, https://br.linkedin.com/in/marco-aurelio-birchal-54aa8460
22/05/2024-22:09:23: 		Perfil encontrado: marco-aurelio-birchal-54aa8460
22/05/2024-22:09:36: 		O perfil não passou na validação.
22/05/2024-22:09:42: 	Pesquisando por Marco de Souza Birchal UFMG linkedin
22/05/2024-22:09:42: 	Resultados: https://somos.ufmg.br/professor/marco-aurelio-de-souza-birchal, https://ufmg.br/a-universidade/pessoas/247421, https://www.researchgate.net/profile/Marco-Aurelio-Birchal, https://www.linkedin.com/in/desouzamarco, https://www.escavador.com/sobre/2351958/marco-aurelio-de-souza-birchal
22/05/2024-22:09:42: 		Perfil não encontrado.
22/05/2024-22:09:44: 	Pesquisando por Marco Aurélio de Souza UFMG linkedin
22/05/2024-22:09:44: 	Resultados: https://ufmg.br/a-universidade/pessoas/247421, https://somos.ufmg.br/professor/marco-aurelio-de-souza-birchal, https://br.linkedin.com/in/marco-aurélio-rodrigues-de-souza-132574167, https://br.linkedin.com/in/marco-souza-educ, https://www.linkedin.com/pub/dir/Marco Aurélio/Rodrigues De Souza
22/05/2024-22:09:44: 		Perfil encontrado: marco-aurélio-rodrigues-de-souza-132574167
22/05/2024-22:09:50: 		O perfil não passou na validação.
22/05/2024-22:09:56: 	Pesquisando por Marco Birchal UFMG linkedin
22/05/2024-22:09:56: 	Resultados: https://ufmg.br/a-universidade/pessoas/247421, https://somos.ufmg.br/professor/marco-aurelio-de-souza-birchal, https://www.researchgate.net/profile/Marco-Aurelio-Birchal, https://www.linkedin.com/company/birchal, https://www.linkedin.com/posts/matt-vitale-1427331b_own-a-piece-of-surfing-history-launching-activity-7193431182561193984-9c3T
22/05/2024-22:09:56: 		Perfil não encontrado.
22/05/2024-22:10:02: 	Pesquisando por Marco de Souza UFMG linkedin
22/05/2024-22:10:02: 	Resultados: https://ufmg.br/a-universidade/pessoas/147702, https://br.linkedin.com/in/marco-antonio-souza-jardim-b68b26b, https://www.linkedin.com/in/marco-de-sousa-7750357, https://www.linkedin.com/in/marco-souza-67505665, https://somos.ufmg.br/professor/marco-antonio-sousa-alves
22/05/2024-22:10:02: 		Perfil encontrado: marco-antonio-souza-jardim-b68b26b
22/05/2024-22:10:09: 		O perfil não passou na validação.
22/05/2024-22:10:15: 	Pesquisando por Marco Aurélio UFMG linkedin
22/05/2024-22:10:15: 	Resultados: https://br.linkedin.com/in/marco-aurélio-amarante-ribeiro-78baba188, https://br.linkedin.com/in/marco-aurelio-ufmg-4a498721, https://www.linkedin.com/pub/dir/Marco/Ufmg, https://www.linkedin.com/posts/marco-aurélio-amarante-ribeiro-78baba188_ufmg-divulga-concurso-público-para-docentes-activity-6975419164958052352-Hwtb, https://br.linkedin.com/in/marcoaureliovilacademelo
22/05/2024-22:10:15: 		Perfil encontrado: marco-aurélio-amarante-ribeiro-78baba188
22/05/2024-22:10:22: 		O perfil não passou na validação.
22/05/2024-22:10:22: * Marco Aurélio de Souza Birchal NÃO ENCONTRADO.
22/05/2024-22:10:22: 80% - Procurando por Igor Amariz Pires:
22/05/2024-22:10:24: 	Variações de nome público: Igor Amariz Pires, Igor Amariz, Igor Pires
22/05/2024-22:10:25: 	Pesquisando por Igor Amariz Pires UFMG linkedin
22/05/2024-22:10:25: 	Resultados: https://somos.ufmg.br/professor/igor-amariz-pires, https://www.researchgate.net/profile/Igor-Pires, http://www.cpdee.ufmg.br/~renovaveis/index.php/corpo-docente.html, https://br.linkedin.com/in/igor-pires-93b92660, https://orcid.org/0000-0002-8442-0074
22/05/2024-22:10:25: 		Perfil encontrado: igor-pires-93b92660
22/05/2024-22:10:39: 		O perfil passou na validação.
22/05/2024-22:10:39: Igor Amariz Pires ENCONTRADO.
22/05/2024-22:10:39: 85% - Procurando por Luciano Cunha de Araújo Pimenta:
22/05/2024-22:10:42: 	Variações de nome público: Luciano Cunha de Araújo Pimenta, Luciano Cunha de Araújo, Luciano Cunha Pimenta, Luciano de Araújo Pimenta, Luciano Pimenta, Luciano Cunha, Luciano de Araújo
22/05/2024-22:10:44: 	Pesquisando por Luciano Cunha de Araújo Pimenta UFMG linkedin
22/05/2024-22:10:44: 	Resultados: https://www.linkedin.com/company/macroufmg, https://ufmg.br/a-universidade/pessoas/216364, https://somos.ufmg.br/professor/luciano-cunha-de-araujo-pimenta, https://scholar.google.com/citations?user=jF9S_gMAAAAJ, https://www.linkedin.com/posts/macroufmg_macro-ufmg-iros2023-activity-7123037054191423488-PtIt
22/05/2024-22:10:44: 		Perfil não encontrado.
22/05/2024-22:10:50: 	Pesquisando por Luciano Cunha de Araújo UFMG linkedin
22/05/2024-22:10:50: 	Resultados: https://www.linkedin.com/company/macroufmg, https://somos.ufmg.br/professor/luciano-cunha-de-araujo-pimenta, https://www.linkedin.com/posts/macroufmg_macro-ufmg-iros2023-activity-7123037054191423488-PtIt, https://ciia-saude.dcc.ufmg.br/pesquisador/luciano-cunha-de-araujo-pimenta/, https://ufmg.br/a-universidade/pessoas/216364
22/05/2024-22:10:50: 		Perfil não encontrado.
22/05/2024-22:10:51: 	Pesquisando por Luciano Cunha Pimenta UFMG linkedin
22/05/2024-22:10:51: 	Resultados: https://www.linkedin.com/company/macroufmg, https://somos.ufmg.br/professor/luciano-cunha-de-araujo-pimenta, https://scholar.google.com/citations?user=jF9S_gMAAAAJ, https://ufmg.br/a-universidade/pessoas/216364, https://ieeexplore.ieee.org/author/37297110600
22/05/2024-22:10:51: 		Perfil não encontrado.
22/05/2024-22:10:52: 	Pesquisando por Luciano de Araújo Pimenta UFMG linkedin
22/05/2024-22:10:52: 	Resultados: https://www.linkedin.com/company/macroufmg, https://somos.ufmg.br/professor/luciano-cunha-de-araujo-pimenta, https://scholar.google.com/citations?user=jF9S_gMAAAAJ, https://www.linkedin.com/posts/macroufmg_macro-ufmg-iros2023-activity-7123037054191423488-PtIt, https://www.researchgate.net/profile/Luciano-Pimenta
22/05/2024-22:10:52: 		Perfil não encontrado.
22/05/2024-22:10:58: 	Pesquisando por Luciano Pimenta UFMG linkedin
22/05/2024-22:10:58: 	Resultados: https://www.linkedin.com/company/macroufmg, https://scholar.google.com/citations?user=jF9S_gMAAAAJ, https://www.linkedin.com/posts/macroufmg_macro-ufmg-iros2023-activity-7123037054191423488-PtIt, https://somos.ufmg.br/professor/luciano-cunha-de-araujo-pimenta, https://www.linkedin.com/posts/marcos-d-0275b185_macro-ufmg-iros2023-activity-7123245258154364928-BJmZ
22/05/2024-22:10:58: 		Perfil não encontrado.
22/05/2024-22:11:04: 	Pesquisando por Luciano Cunha UFMG linkedin
22/05/2024-22:11:04: 	Resultados: https://www.linkedin.com/company/macroufmg, https://www.linkedin.com/posts/lucianocunha_humpday-reflections-your-time-is-limited-activity-7198963350179905536-t0_c, https://somos.ufmg.br/professor/luciano-cunha-de-araujo-pimenta, https://www.linkedin.com/in/lucianocunha, https://www.linkedin.com/in/luciano-cunha-a0635862
22/05/2024-22:11:04: 		Perfil não encontrado.
22/05/2024-22:11:10: 	Pesquisando por Luciano de Araújo UFMG linkedin
22/05/2024-22:11:10: 	Resultados: https://www.linkedin.com/company/macroufmg, https://somos.ufmg.br/professor/luciano-de-araujo-ferraz, https://www.escavador.com/sobre/1439008/luciano-de-araujo-ferraz, https://br.linkedin.com/in/luciano-araujo-646487116, https://br.linkedin.com/in/lucenyldo-wallison-luciano-de-araujo-476101113
22/05/2024-22:11:10: 		Perfil encontrado: luciano-araujo-646487116
22/05/2024-22:11:16: 		O perfil não passou na validação.
22/05/2024-22:11:16: * Luciano Cunha de Araújo Pimenta NÃO ENCONTRADO.
22/05/2024-22:11:16: 90% - Procurando por Vitor Angelo Maria Ferreira Torres:
22/05/2024-22:11:20: 	Variações de nome público: Vitor Angelo Maria Ferreira Torres, Vitor Angelo Maria Ferreira, Vitor Angelo Maria Torres, Vitor Angelo Ferreira Torres, Vitor Maria Ferreira Torres, Vitor Maria Ferreira, Vitor Angelo Ferreira, Vitor Angelo Torres, Vitor Maria Torres, Vitor Ferreira Torres, Vitor Angelo, Vitor Maria, Vitor Ferreira, Vitor Torres
22/05/2024-22:11:26: 	Pesquisando por Vitor Angelo Maria Ferreira Torres UFMG linkedin
22/05/2024-22:11:26: 	Resultados: https://somos.ufmg.br/professor/vitor-angelo-maria-ferreira-torres, https://delt.eng.ufmg.br/equipe-docente/, https://www.linkedin.com/pub/dir/Victor+Angelo/Torres, https://somos.ufmg.br/departamento/Departamento-de-Engenharia-Eletronica, https://www.linkedin.com/pub/dir/Vitor/Angelo/
22/05/2024-22:11:26: 		Perfil não encontrado.
22/05/2024-22:11:32: 	Pesquisando por Vitor Angelo Maria Ferreira UFMG linkedin
22/05/2024-22:11:32: 	Resultados: https://somos.ufmg.br/professor/vitor-angelo-maria-ferreira-torres, https://br.linkedin.com/in/vitor-a-aa1976142, https://delt.eng.ufmg.br/equipe-docente/, https://www.linkedin.com/in/vitor-ferreira-779a11114, https://br.linkedin.com/in/vitor-angelo-ferreira-392297306
22/05/2024-22:11:32: 		Perfil encontrado: vitor-a-aa1976142
22/05/2024-22:11:39: 		O perfil não passou na validação.
22/05/2024-22:11:50: 	Pesquisando por Vitor Angelo Maria Torres UFMG linkedin
22/05/2024-22:11:50: 	Resultados: https://somos.ufmg.br/professor/vitor-angelo-maria-ferreira-torres, https://delt.eng.ufmg.br/equipe-docente/, https://br.linkedin.com/in/vitor-angelo-6060b6303, https://br.linkedin.com/in/paulo-vítor-ângelo-26193264, https://www.researchgate.net/profile/Vitor-Torres-4
22/05/2024-22:11:50: 		Perfil encontrado: vitor-angelo-6060b6303
22/05/2024-22:11:57: 		O perfil não passou na validação.
22/05/2024-22:11:58: 	Pesquisando por Vitor Angelo Ferreira Torres UFMG linkedin
22/05/2024-22:11:58: 	Resultados: https://somos.ufmg.br/professor/vitor-angelo-maria-ferreira-torres, https://br.linkedin.com/in/vitor-a-aa1976142, https://br.linkedin.com/in/victor-angelo-564b42222, https://br.linkedin.com/in/vitor-f-ferreira-2a8ba94a, https://delt.eng.ufmg.br/equipe-docente/
22/05/2024-22:11:58: 		Perfil já descartado.
22/05/2024-22:12:04: 	Pesquisando por Vitor Maria Ferreira Torres UFMG linkedin
22/05/2024-22:12:04: 	Resultados: https://somos.ufmg.br/professor/vitor-angelo-maria-ferreira-torres, https://br.linkedin.com/in/victor-ferreira-torres-09381031, https://br.linkedin.com/in/vitor-f-ferreira-2a8ba94a, https://www.linkedin.com/in/vitor-ferreira-779a11114, https://br.linkedin.com/in/vitor-a-aa1976142
22/05/2024-22:12:04: 		Perfil encontrado: victor-ferreira-torres-09381031
22/05/2024-22:12:18: 		O perfil não passou na validação.
22/05/2024-22:12:19: 	Pesquisando por Vitor Maria Ferreira UFMG linkedin
22/05/2024-22:12:19: 	Resultados: https://www.linkedin.com/posts/luizaferreirafarmaciaindustria_eu-recebi-um-novo-certificado-o-neste-activity-7198311753678540800-ATH1, https://br.linkedin.com/in/vitor-f-ferreira-2a8ba94a, https://www.linkedin.com/posts/ferreiralc_last-week-i-had-the-honor-of-presenting-activity-7183537956471644160-4FWo, https://br.linkedin.com/in/fmjvitor, https://www.linkedin.com/in/vitor-ferreira-779a11114
22/05/2024-22:12:19: 		Perfil encontrado: vitor-f-ferreira-2a8ba94a
22/05/2024-22:12:25: 		O perfil não passou na validação.
22/05/2024-22:12:31: 	Pesquisando por Vitor Angelo Ferreira UFMG linkedin
22/05/2024-22:12:31: 	Resultados: https://somos.ufmg.br/professor/vitor-angelo-maria-ferreira-torres, https://br.linkedin.com/in/vitorhmpereira, https://br.linkedin.com/in/vitor-a-aa1976142, https://br.linkedin.com/in/vitorfortunatoandrade, https://br.linkedin.com/in/vitor-f-ferreira-2a8ba94a
22/05/2024-22:12:31: 		Perfil encontrado: vitorhmpereira
22/05/2024-22:12:37: 		O perfil não passou na validação.
22/05/2024-22:12:43: 	Pesquisando por Vitor Angelo Torres UFMG linkedin
22/05/2024-22:12:43: 	Resultados: https://somos.ufmg.br/professor/vitor-angelo-maria-ferreira-torres, https://delt.eng.ufmg.br/equipe-docente/, https://www.linkedin.com/pub/dir/Victor+Angelo/Torres, https://br.linkedin.com/in/paulo-vítor-ângelo-26193264, https://www.researchgate.net/profile/Vitor-A-Torres
22/05/2024-22:12:43: 		Perfil encontrado: paulo-vítor-ângelo-26193264
22/05/2024-22:12:51: 		O perfil não passou na validação.
22/05/2024-22:12:52: 	Pesquisando por Vitor Maria Torres UFMG linkedin
22/05/2024-22:12:52: 	Resultados: https://somos.ufmg.br/professor/vitor-angelo-maria-ferreira-torres, https://www.researchgate.net/profile/Vitor-Torres-4, https://br.linkedin.com/in/vitor-pessoa-41a822191, https://br.linkedin.com/in/vitor-a-aa1976142, https://br.linkedin.com/in/júlio-vitor-5a7b15187
22/05/2024-22:12:52: 		Perfil encontrado: vitor-pessoa-41a822191
22/05/2024-22:13:01: 		O perfil não passou na validação.
22/05/2024-22:13:02: 	Pesquisando por Vitor Ferreira Torres UFMG linkedin
22/05/2024-22:13:02: 	Resultados: https://br.linkedin.com/in/fmjvitor, https://somos.ufmg.br/professor/vitor-angelo-maria-ferreira-torres, https://br.linkedin.com/in/joaoferreiraph, https://www.linkedin.com/in/vitor-ferreira-779a11114, https://www.linkedin.com/pub/dir/+/Vitor+ferreira
22/05/2024-22:13:02: 		Perfil encontrado: fmjvitor
22/05/2024-22:13:08: 		O perfil não passou na validação.
22/05/2024-22:13:09: 	Pesquisando por Vitor Angelo UFMG linkedin
22/05/2024-22:13:09: 	Resultados: https://br.linkedin.com/in/paulo-vítor-ângelo-26193264, https://www.linkedin.com/pub/dir/Vitor/Angelo/, https://www.linkedin.com/pub/dir/Angelo+vitor/+, https://br.linkedin.com/in/vitor-dangelo-a5550a6b, https://somos.ufmg.br/professor/vitor-angelo-maria-ferreira-torres
22/05/2024-22:13:09: 		Perfil já descartado.
22/05/2024-22:13:11: 	Pesquisando por Vitor Maria UFMG linkedin
22/05/2024-22:13:11: 	Resultados: https://br.linkedin.com/in/vitor-m-08165ab8, https://br.linkedin.com/in/vitor-pessoa-41a822191, https://www.linkedin.com/pub/dir/Vitor/Maria, https://br.linkedin.com/in/vitor-a-aa1976142, https://br.linkedin.com/in/vitorhmpereira
22/05/2024-22:13:11: 		Perfil encontrado: vitor-m-08165ab8
22/05/2024-22:13:20: 		O perfil não passou na validação.
22/05/2024-22:13:21: 	Pesquisando por Vitor Ferreira UFMG linkedin
22/05/2024-22:13:21: 	Resultados: https://br.linkedin.com/in/fmjvitor, https://br.linkedin.com/in/victor-ferreira-silva-8a236098, https://br.linkedin.com/in/vitor-f-ferreira-2a8ba94a, https://www.linkedin.com/pub/dir/Vitor/Ferreira/br-0-Brasil, https://br.linkedin.com/in/vitor-a-aa1976142
22/05/2024-22:13:21: 		Perfil já descartado.
22/05/2024-22:13:22: 	Pesquisando por Vitor Torres UFMG linkedin
22/05/2024-22:13:22: 	Resultados: https://www.researchgate.net/profile/Vitor-A-Torres, https://www.linkedin.com/in/vic-torres615, https://www.linkedin.com/in/victortorres03, https://www.researchgate.net/profile/Vitor-Torres-4, https://fr.linkedin.com/in/vitor-dias-correa
22/05/2024-22:13:22: 		Perfil não encontrado.
22/05/2024-22:13:22: * Vitor Angelo Maria Ferreira Torres NÃO ENCONTRADO.
22/05/2024-22:13:22: 95% - Procurando por Bruno Otávio Soares Teixeira:
22/05/2024-22:13:25: 	Variações de nome público: Bruno Otávio Soares Teixeira, Bruno Otávio Soares, Bruno Otávio Teixeira, Bruno Soares Teixeira, Bruno Soares, Bruno Teixeira, Bruno Otávio
22/05/2024-22:13:26: 	Pesquisando por Bruno Otávio Soares Teixeira UFMG linkedin
22/05/2024-22:13:26: 	Resultados: https://br.linkedin.com/in/bruno-otávio-soares-teixeira-b15898206, https://www.linkedin.com/posts/bruno-otávio-soares-teixeira-b15898206_ufmg-tem-mais-de-80-dos-cursos-de-graduação-activity-6978483286515826688-nSjx, https://pt.linkedin.com/posts/bruno-otávio-soares-teixeira-b15898206_ufmg-consolida-posição-de-melhor-federal-activity-7181751509620056065-lcgc, https://www.linkedin.com/posts/bruno-otávio-soares-teixeira-b15898206_ufmg-tem-melhor-desempenho-entre-as-federais-activity-7047202150958936065-iSJg, https://www.linkedin.com/posts/bruno-otávio-soares-teixeira-b15898206_ufmg-vai-desenvolver-sistema-para-gestão-activity-7002029890745061376-e4pb
22/05/2024-22:13:26: 		Perfil encontrado: bruno-otávio-soares-teixeira-b15898206
22/05/2024-22:13:40: 		O perfil passou na validação.
22/05/2024-22:13:40: Bruno Otávio Soares Teixeira ENCONTRADO.
22/05/2024-22:13:40: VARREDURA FINALIZADA.
22/05/2024-22:13:42: 	Driver Selenium encerrado.
22/05/2024-22:13:42: TEMPO DE EXECUÇÃO DA VARREDURA: 11 minutos e 15 segundos.
22/05/2024-22:13:42: Dados exportados com sucesso.
22/05/2024-22:13:42: Encerrando programa.
